{"meta": {"format": 3, "version": "7.7.0", "timestamp": "2026-02-11T14:01:55.595489", "branch_coverage": false, "show_contexts": false}, "files": {"ai_strategy/__init__.py": {"executed_lines": [0], "summary": {"covered_lines": 0, "num_statements": 0, "percent_covered": 100.0, "percent_covered_display": "100", "missing_lines": 0, "excluded_lines": 0}, "missing_lines": [], "excluded_lines": [], "functions": {"": {"executed_lines": [], "summary": {"covered_lines": 0, "num_statements": 0, "percent_covered": 100.0, "percent_covered_display": "100", "missing_lines": 0, "excluded_lines": 0}, "missing_lines": [], "excluded_lines": []}}, "classes": {"": {"executed_lines": [], "summary": {"covered_lines": 0, "num_statements": 0, "percent_covered": 100.0, "percent_covered_display": "100", "missing_lines": 0, "excluded_lines": 0}, "missing_lines": [], "excluded_lines": []}}}, "ai_strategy/bribe_strategy.py": {"executed_lines": [1, 35, 36, 37, 40, 42, 43, 45, 48, 50, 51, 52, 53, 54, 55, 58, 60, 61, 62, 63, 64, 65, 68, 93, 94, 95, 98, 99, 100, 103, 104, 107, 111, 114, 116, 133, 136, 141, 142, 145, 148, 171, 172, 174, 177, 178, 180, 182, 183, 185, 186, 189, 190, 192, 194, 196, 198, 199, 201, 204, 209, 245, 246, 254, 258, 261, 264, 266, 270, 271, 273, 276, 310, 330], "summary": {"covered_lines": 73, "num_statements": 116, "percent_covered": 62.93103448275862, "percent_covered_display": "63", "missing_lines": 43, "excluded_lines": 0}, "missing_lines": [44, 119, 121, 126, 128, 130, 135, 138, 173, 181, 195, 197, 206, 295, 296, 299, 302, 304, 307, 324, 327, 352, 353, 355, 356, 359, 361, 362, 365, 366, 368, 370, 371, 374, 375, 377, 380, 381, 384, 386, 387, 389, 392], "excluded_lines": [], "functions": {"calculate_declared_value": {"executed_lines": [42, 43, 45], "summary": {"covered_lines": 3, "num_statements": 4, "percent_covered": 75.0, "percent_covered_display": "75", "missing_lines": 1, "excluded_lines": 0}, "missing_lines": [44], "excluded_lines": []}, "calculate_actual_value": {"executed_lines": [50, 51, 52, 53, 54, 55], "summary": {"covered_lines": 6, "num_statements": 6, "percent_covered": 100.0, "percent_covered_display": "100", "missing_lines": 0, "excluded_lines": 0}, "missing_lines": [], "excluded_lines": []}, "calculate_contraband_value": {"executed_lines": [60, 61, 62, 63, 64, 65], "summary": {"covered_lines": 6, "num_statements": 6, "percent_covered": 100.0, "percent_covered_display": "100", "missing_lines": 0, "excluded_lines": 0}, "missing_lines": [], "excluded_lines": []}, "calculate_scaled_bribe": {"executed_lines": [93, 94, 95, 98, 99, 100, 103, 104, 107, 111, 114, 116, 133, 136, 141, 142, 145], "summary": {"covered_lines": 17, "num_statements": 24, "percent_covered": 70.83333333333333, "percent_covered_display": "71", "missing_lines": 7, "excluded_lines": 0}, "missing_lines": [119, 121, 126, 128, 130, 135, 138], "excluded_lines": []}, "should_offer_bribe": {"executed_lines": [171, 172, 174, 177, 178, 180, 182, 183, 185, 186, 189, 190, 192, 194, 196, 198, 199, 201, 204], "summary": {"covered_lines": 19, "num_statements": 24, "percent_covered": 79.16666666666667, "percent_covered_display": "79", "missing_lines": 5, "excluded_lines": 0}, "missing_lines": [173, 181, 195, 197, 206], "excluded_lines": []}, "calculate_contraband_bribe": {"executed_lines": [245, 246, 254, 258, 261, 264, 266, 270, 271, 273], "summary": {"covered_lines": 10, "num_statements": 10, "percent_covered": 100.0, "percent_covered_display": "100", "missing_lines": 0, "excluded_lines": 0}, "missing_lines": [], "excluded_lines": []}, "calculate_legal_lie_bribe": {"executed_lines": [], "summary": {"covered_lines": 0, "num_statements": 6, "percent_covered": 0.0, "percent_covered_display": "0", "missing_lines": 6, "excluded_lines": 0}, "missing_lines": [295, 296, 299, 302, 304, 307], "excluded_lines": []}, "calculate_advanced_bluff_bribe": {"executed_lines": [], "summary": {"covered_lines": 0, "num_statements": 2, "percent_covered": 0.0, "percent_covered_display": "0", "missing_lines": 2, "excluded_lines": 0}, "missing_lines": [324, 327], "excluded_lines": []}, "should_accept_counter_offer": {"executed_lines": [], "summary": {"covered_lines": 0, "num_statements": 22, "percent_covered": 0.0, "percent_covered_display": "0", "missing_lines": 22, "excluded_lines": 0}, "missing_lines": [352, 353, 355, 356, 359, 361, 362, 365, 366, 368, 370, 371, 374, 375, 377, 380, 381, 384, 386, 387, 389, 392], "excluded_lines": []}, "": {"executed_lines": [1, 35, 36, 37, 40, 48, 58, 68, 148, 209, 276, 310, 330], "summary": {"covered_lines": 12, "num_statements": 12, "percent_covered": 100.0, "percent_covered_display": "100", "missing_lines": 0, "excluded_lines": 0}, "missing_lines": [], "excluded_lines": []}}, "classes": {"": {"executed_lines": [1, 35, 36, 37, 40, 42, 43, 45, 48, 50, 51, 52, 53, 54, 55, 58, 60, 61, 62, 63, 64, 65, 68, 93, 94, 95, 98, 99, 100, 103, 104, 107, 111, 114, 116, 133, 136, 141, 142, 145, 148, 171, 172, 174, 177, 178, 180, 182, 183, 185, 186, 189, 190, 192, 194, 196, 198, 199, 201, 204, 209, 245, 246, 254, 258, 261, 264, 266, 270, 271, 273, 276, 310, 330], "summary": {"covered_lines": 73, "num_statements": 116, "percent_covered": 62.93103448275862, "percent_covered_display": "63", "missing_lines": 43, "excluded_lines": 0}, "missing_lines": [44, 119, 121, 126, 128, 130, 135, 138, 173, 181, 195, 197, 206, 295, 296, 299, 302, 304, 307, 324, 327, 352, 353, 355, 356, 359, 361, 362, 365, 366, 368, 370, 371, 374, 375, 377, 380, 381, 384, 386, 387, 389, 392], "excluded_lines": []}}}, "ai_strategy/declaration_builder.py": {"executed_lines": [1, 15, 16, 17, 20, 27, 28, 29, 39, 50, 53, 54, 57, 58, 60, 70, 81, 82, 85, 86, 89, 90, 92, 94, 104, 115, 116, 119, 120, 123, 124, 126, 136, 170, 180, 191, 192, 195], "summary": {"covered_lines": 37, "num_statements": 45, "percent_covered": 82.22222222222223, "percent_covered_display": "82", "missing_lines": 8, "excluded_lines": 0}, "missing_lines": [148, 149, 152, 153, 156, 157, 159, 201], "excluded_lines": [], "functions": {"build_honest_declaration": {"executed_lines": [27, 28, 29], "summary": {"covered_lines": 3, "num_statements": 3, "percent_covered": 100.0, "percent_covered_display": "100", "missing_lines": 0, "excluded_lines": 0}, "missing_lines": [], "excluded_lines": []}, "build_legal_lie_declaration": {"executed_lines": [50, 53, 54, 57, 58, 60], "summary": {"covered_lines": 6, "num_statements": 6, "percent_covered": 100.0, "percent_covered_display": "100", "missing_lines": 0, "excluded_lines": 0}, "missing_lines": [], "excluded_lines": []}, "build_mixed_declaration": {"executed_lines": [81, 82, 85, 86, 89, 90, 92, 94], "summary": {"covered_lines": 8, "num_statements": 8, "percent_covered": 100.0, "percent_covered_display": "100", "missing_lines": 0, "excluded_lines": 0}, "missing_lines": [], "excluded_lines": []}, "build_contraband_low_declaration": {"executed_lines": [115, 116, 119, 120, 123, 124, 126], "summary": {"covered_lines": 7, "num_statements": 7, "percent_covered": 100.0, "percent_covered_display": "100", "missing_lines": 0, "excluded_lines": 0}, "missing_lines": [], "excluded_lines": []}, "build_contraband_high_declaration": {"executed_lines": [], "summary": {"covered_lines": 0, "num_statements": 7, "percent_covered": 0.0, "percent_covered_display": "0", "missing_lines": 7, "excluded_lines": 0}, "missing_lines": [148, 149, 152, 153, 156, 157, 159], "excluded_lines": []}, "build_declaration": {"executed_lines": [191, 192], "summary": {"covered_lines": 2, "num_statements": 2, "percent_covered": 100.0, "percent_covered_display": "100", "missing_lines": 0, "excluded_lines": 0}, "missing_lines": [], "excluded_lines": []}, "get_strategy_info": {"executed_lines": [], "summary": {"covered_lines": 0, "num_statements": 1, "percent_covered": 0.0, "percent_covered_display": "0", "missing_lines": 1, "excluded_lines": 0}, "missing_lines": [201], "excluded_lines": []}, "": {"executed_lines": [1, 15, 16, 17, 20, 39, 70, 104, 136, 170, 180, 195], "summary": {"covered_lines": 11, "num_statements": 11, "percent_covered": 100.0, "percent_covered_display": "100", "missing_lines": 0, "excluded_lines": 0}, "missing_lines": [], "excluded_lines": []}}, "classes": {"": {"executed_lines": [1, 15, 16, 17, 20, 27, 28, 29, 39, 50, 53, 54, 57, 58, 60, 70, 81, 82, 85, 86, 89, 90, 92, 94, 104, 115, 116, 119, 120, 123, 124, 126, 136, 170, 180, 191, 192, 195], "summary": {"covered_lines": 37, "num_statements": 45, "percent_covered": 82.22222222222223, "percent_covered_display": "82", "missing_lines": 8, "excluded_lines": 0}, "missing_lines": [148, 149, 152, 153, 156, 157, 159, 201], "excluded_lines": []}}}, "ai_strategy/silas_strategy.py": {"executed_lines": [], "summary": {"covered_lines": 0, "num_statements": 58, "percent_covered": 0.0, "percent_covered_display": "0", "missing_lines": 58, "excluded_lines": 0}, "missing_lines": [30, 31, 32, 33, 36, 47, 48, 65, 66, 69, 70, 73, 74, 76, 78, 79, 96, 97, 100, 101, 104, 105, 108, 110, 111, 128, 129, 131, 133, 134, 136, 137, 140, 141, 143, 144, 162, 165, 168, 169, 170, 180, 183, 186, 187, 189, 197, 198, 213, 214, 217, 218, 219, 221, 230, 243, 244, 246], "excluded_lines": [], "functions": {"SilasStrategy.should_tell_truth": {"executed_lines": [], "summary": {"covered_lines": 0, "num_statements": 7, "percent_covered": 0.0, "percent_covered_display": "0", "missing_lines": 7, "excluded_lines": 0}, "missing_lines": [65, 66, 69, 70, 73, 74, 76], "excluded_lines": []}, "SilasStrategy.calculate_optimal_contraband_count": {"executed_lines": [], "summary": {"covered_lines": 0, "num_statements": 7, "percent_covered": 0.0, "percent_covered_display": "0", "missing_lines": 7, "excluded_lines": 0}, "missing_lines": [96, 97, 100, 101, 104, 105, 108], "excluded_lines": []}, "SilasStrategy.select_contraband_value": {"executed_lines": [], "summary": {"covered_lines": 0, "num_statements": 9, "percent_covered": 0.0, "percent_covered_display": "0", "missing_lines": 9, "excluded_lines": 0}, "missing_lines": [128, 129, 131, 133, 134, 136, 137, 140, 141], "excluded_lines": []}, "SilasStrategy.choose_declaration_with_history": {"executed_lines": [], "summary": {"covered_lines": 0, "num_statements": 10, "percent_covered": 0.0, "percent_covered_display": "0", "missing_lines": 10, "excluded_lines": 0}, "missing_lines": [162, 165, 168, 169, 170, 180, 183, 186, 187, 189], "excluded_lines": []}, "SilasStrategy.choose_declaration_first_round": {"executed_lines": [], "summary": {"covered_lines": 0, "num_statements": 6, "percent_covered": 0.0, "percent_covered_display": "0", "missing_lines": 6, "excluded_lines": 0}, "missing_lines": [213, 214, 217, 218, 219, 221], "excluded_lines": []}, "get_silas_declaration": {"executed_lines": [], "summary": {"covered_lines": 0, "num_statements": 3, "percent_covered": 0.0, "percent_covered_display": "0", "missing_lines": 3, "excluded_lines": 0}, "missing_lines": [243, 244, 246], "excluded_lines": []}, "": {"executed_lines": [], "summary": {"covered_lines": 0, "num_statements": 16, "percent_covered": 0.0, "percent_covered_display": "0", "missing_lines": 16, "excluded_lines": 0}, "missing_lines": [30, 31, 32, 33, 36, 47, 48, 78, 79, 110, 111, 143, 144, 197, 198, 230], "excluded_lines": []}}, "classes": {"SilasStrategy": {"executed_lines": [], "summary": {"covered_lines": 0, "num_statements": 39, "percent_covered": 0.0, "percent_covered_display": "0", "missing_lines": 39, "excluded_lines": 0}, "missing_lines": [65, 66, 69, 70, 73, 74, 76, 96, 97, 100, 101, 104, 105, 108, 128, 129, 131, 133, 134, 136, 137, 140, 141, 162, 165, 168, 169, 170, 180, 183, 186, 187, 189, 213, 214, 217, 218, 219, 221], "excluded_lines": []}, "": {"executed_lines": [], "summary": {"covered_lines": 0, "num_statements": 19, "percent_covered": 0.0, "percent_covered_display": "0", "missing_lines": 19, "excluded_lines": 0}, "missing_lines": [30, 31, 32, 33, 36, 47, 48, 78, 79, 110, 111, 143, 144, 197, 198, 230, 243, 244, 246], "excluded_lines": []}}}, "ai_strategy/tiered_strategy.py": {"executed_lines": [1, 16, 17, 18, 19, 22, 23, 35, 36, 53, 54, 55, 58, 63, 68, 78, 79, 81, 83, 84, 96, 97, 98, 100, 101, 104, 105, 110, 111, 117, 121, 122, 129, 130, 133, 137, 141, 142, 147, 148, 157, 160, 161, 162, 166, 167, 168, 172, 174, 177, 180, 181, 182, 184, 186, 189, 191, 196, 197, 207, 234, 237, 238, 240, 243, 244, 245, 246, 247, 250, 252, 257, 258, 271, 274, 288], "summary": {"covered_lines": 74, "num_statements": 94, "percent_covered": 78.72340425531915, "percent_covered_display": "79", "missing_lines": 20, "excluded_lines": 0}, "missing_lines": [134, 138, 163, 169, 173, 175, 183, 185, 187, 209, 210, 213, 215, 216, 222, 224, 225, 227, 228, 248], "excluded_lines": [], "functions": {"TieredMerchantStrategy.choose_declaration": {"executed_lines": [53, 54, 55, 58, 63, 68, 78, 79, 81], "summary": {"covered_lines": 9, "num_statements": 9, "percent_covered": 100.0, "percent_covered_display": "100", "missing_lines": 0, "excluded_lines": 0}, "missing_lines": [], "excluded_lines": []}, "TieredMerchantStrategy._select_strategy_type": {"executed_lines": [96, 97, 98, 100, 101, 104, 105, 110, 111, 117], "summary": {"covered_lines": 10, "num_statements": 10, "percent_covered": 100.0, "percent_covered_display": "100", "missing_lines": 0, "excluded_lines": 0}, "missing_lines": [], "excluded_lines": []}, "TieredMerchantStrategy._easy_strategy_selection": {"executed_lines": [129, 130, 133, 137, 141, 142], "summary": {"covered_lines": 6, "num_statements": 8, "percent_covered": 75.0, "percent_covered_display": "75", "missing_lines": 2, "excluded_lines": 0}, "missing_lines": [134, 138], "excluded_lines": []}, "TieredMerchantStrategy._medium_strategy_selection": {"executed_lines": [157, 160, 161, 162, 166, 167, 168, 172, 174, 177, 180, 181, 182, 184, 186, 189, 191], "summary": {"covered_lines": 17, "num_statements": 24, "percent_covered": 70.83333333333333, "percent_covered_display": "71", "missing_lines": 7, "excluded_lines": 0}, "missing_lines": [163, 169, 173, 175, 183, 185, 187], "excluded_lines": []}, "TieredMerchantStrategy._hard_strategy_selection": {"executed_lines": [207, 234, 237, 238, 240, 243, 244, 245, 246, 247, 250, 252], "summary": {"covered_lines": 12, "num_statements": 23, "percent_covered": 52.17391304347826, "percent_covered_display": "52", "missing_lines": 11, "excluded_lines": 0}, "missing_lines": [209, 210, 213, 215, 216, 222, 224, 225, 227, 228, 248], "excluded_lines": []}, "TieredMerchantStrategy._build_declaration": {"executed_lines": [271], "summary": {"covered_lines": 1, "num_statements": 1, "percent_covered": 100.0, "percent_covered_display": "100", "missing_lines": 0, "excluded_lines": 0}, "missing_lines": [], "excluded_lines": []}, "get_tiered_declaration": {"executed_lines": [288], "summary": {"covered_lines": 1, "num_statements": 1, "percent_covered": 100.0, "percent_covered_display": "100", "missing_lines": 0, "excluded_lines": 0}, "missing_lines": [], "excluded_lines": []}, "": {"executed_lines": [1, 16, 17, 18, 19, 22, 23, 35, 36, 83, 84, 121, 122, 147, 148, 196, 197, 257, 258, 274], "summary": {"covered_lines": 18, "num_statements": 18, "percent_covered": 100.0, "percent_covered_display": "100", "missing_lines": 0, "excluded_lines": 0}, "missing_lines": [], "excluded_lines": []}}, "classes": {"TieredMerchantStrategy": {"executed_lines": [53, 54, 55, 58, 63, 68, 78, 79, 81, 96, 97, 98, 100, 101, 104, 105, 110, 111, 117, 129, 130, 133, 137, 141, 142, 157, 160, 161, 162, 166, 167, 168, 172, 174, 177, 180, 181, 182, 184, 186, 189, 191, 207, 234, 237, 238, 240, 243, 244, 245, 246, 247, 250, 252, 271], "summary": {"covered_lines": 55, "num_statements": 75, "percent_covered": 73.33333333333333, "percent_covered_display": "73", "missing_lines": 20, "excluded_lines": 0}, "missing_lines": [134, 138, 163, 169, 173, 175, 183, 185, 187, 209, 210, 213, 215, 216, 222, 224, 225, 227, 228, 248], "excluded_lines": []}, "": {"executed_lines": [1, 16, 17, 18, 19, 22, 23, 35, 36, 83, 84, 121, 122, 147, 148, 196, 197, 257, 258, 274, 288], "summary": {"covered_lines": 19, "num_statements": 19, "percent_covered": 100.0, "percent_covered_display": "100", "missing_lines": 0, "excluded_lines": 0}, "missing_lines": [], "excluded_lines": []}}}, "core/__init__.py": {"executed_lines": [1, 14, 18, 19, 21, 22, 23, 24, 26, 27, 28, 34, 35, 36, 38], "summary": {"covered_lines": 14, "num_statements": 14, "percent_covered": 100.0, "percent_covered_display": "100", "missing_lines": 0, "excluded_lines": 0}, "missing_lines": [], "excluded_lines": [], "functions": {"": {"executed_lines": [1, 14, 18, 19, 21, 22, 23, 24, 26, 27, 28, 34, 35, 36, 38], "summary": {"covered_lines": 14, "num_statements": 14, "percent_covered": 100.0, "percent_covered_display": "100", "missing_lines": 0, "excluded_lines": 0}, "missing_lines": [], "excluded_lines": []}}, "classes": {"": {"executed_lines": [1, 14, 18, 19, 21, 22, 23, 24, 26, 27, 28, 34, 35, 36, 38], "summary": {"covered_lines": 14, "num_statements": 14, "percent_covered": 100.0, "percent_covered_display": "100", "missing_lines": 0, "excluded_lines": 0}, "missing_lines": [], "excluded_lines": []}}}, "core/constants.py": {"executed_lines": [1, 11, 12, 13, 14, 15, 18, 21, 24, 25, 28, 29, 37, 38, 39, 40, 41, 44, 45, 46, 47, 48, 55, 56, 64, 65, 66, 69, 70, 71, 78, 79, 80, 81, 88, 89, 90, 97, 98, 99, 100, 107, 108, 116, 117, 118, 119, 122, 123, 124, 125], "summary": {"covered_lines": 50, "num_statements": 50, "percent_covered": 100.0, "percent_covered_display": "100", "missing_lines": 0, "excluded_lines": 0}, "missing_lines": [], "excluded_lines": [], "functions": {"": {"executed_lines": [1, 11, 12, 13, 14, 15, 18, 21, 24, 25, 28, 29, 37, 38, 39, 40, 41, 44, 45, 46, 47, 48, 55, 56, 64, 65, 66, 69, 70, 71, 78, 79, 80, 81, 88, 89, 90, 97, 98, 99, 100, 107, 108, 116, 117, 118, 119, 122, 123, 124, 125], "summary": {"covered_lines": 50, "num_statements": 50, "percent_covered": 100.0, "percent_covered_display": "100", "missing_lines": 0, "excluded_lines": 0}, "missing_lines": [], "excluded_lines": []}}, "classes": {"": {"executed_lines": [1, 11, 12, 13, 14, 15, 18, 21, 24, 25, 28, 29, 37, 38, 39, 40, 41, 44, 45, 46, 47, 48, 55, 56, 64, 65, 66, 69, 70, 71, 78, 79, 80, 81, 88, 89, 90, 97, 98, 99, 100, 107, 108, 116, 117, 118, 119, 122, 123, 124, 125], "summary": {"covered_lines": 50, "num_statements": 50, "percent_covered": 100.0, "percent_covered_display": "100", "missing_lines": 0, "excluded_lines": 0}, "missing_lines": [], "excluded_lines": []}}}, "core/game/__init__.py": {"executed_lines": [1], "summary": {"covered_lines": 0, "num_statements": 0, "percent_covered": 100.0, "percent_covered_display": "100", "missing_lines": 0, "excluded_lines": 0}, "missing_lines": [], "excluded_lines": [], "functions": {"": {"executed_lines": [1], "summary": {"covered_lines": 0, "num_statements": 0, "percent_covered": 100.0, "percent_covered_display": "100", "missing_lines": 0, "excluded_lines": 0}, "missing_lines": [], "excluded_lines": []}}, "classes": {"": {"executed_lines": [1], "summary": {"covered_lines": 0, "num_statements": 0, "percent_covered": 100.0, "percent_covered_display": "100", "missing_lines": 0, "excluded_lines": 0}, "missing_lines": [], "excluded_lines": []}}}, "core/game/decision_handling.py": {"executed_lines": [1, 7, 16, 17, 18, 19, 20, 21, 22, 25, 34, 35, 36, 37, 38, 39], "summary": {"covered_lines": 15, "num_statements": 15, "percent_covered": 100.0, "percent_covered_display": "100", "missing_lines": 0, "excluded_lines": 0}, "missing_lines": [], "excluded_lines": [], "functions": {"prompt_inspection": {"executed_lines": [16, 17, 18, 19, 20, 21, 22], "summary": {"covered_lines": 7, "num_statements": 7, "percent_covered": 100.0, "percent_covered_display": "100", "missing_lines": 0, "excluded_lines": 0}, "missing_lines": [], "excluded_lines": []}, "update_stats_bar": {"executed_lines": [34, 35, 36, 37, 38, 39], "summary": {"covered_lines": 6, "num_statements": 6, "percent_covered": 100.0, "percent_covered_display": "100", "missing_lines": 0, "excluded_lines": 0}, "missing_lines": [], "excluded_lines": []}, "": {"executed_lines": [1, 7, 25], "summary": {"covered_lines": 2, "num_statements": 2, "percent_covered": 100.0, "percent_covered_display": "100", "missing_lines": 0, "excluded_lines": 0}, "missing_lines": [], "excluded_lines": []}}, "classes": {"": {"executed_lines": [1, 7, 16, 17, 18, 19, 20, 21, 22, 25, 34, 35, 36, 37, 38, 39], "summary": {"covered_lines": 15, "num_statements": 15, "percent_covered": 100.0, "percent_covered_display": "100", "missing_lines": 0, "excluded_lines": 0}, "missing_lines": [], "excluded_lines": []}}}, "core/game/end_game.py": {"executed_lines": [1, 10, 11, 12, 13, 16, 17, 18, 19, 20, 21, 22, 23, 24, 25, 28, 29, 30, 31, 32, 33, 34, 37, 39, 40, 41, 43, 44, 45, 48, 56, 57, 65, 88, 89, 90, 91, 94, 97, 98, 101, 102, 105, 106, 110, 111, 114, 115, 118, 119, 122, 123, 127, 131], "summary": {"covered_lines": 51, "num_statements": 105, "percent_covered": 48.57142857142857, "percent_covered_display": "49", "missing_lines": 54, "excluded_lines": 0}, "missing_lines": [42, 140, 141, 142, 143, 146, 147, 148, 149, 150, 153, 154, 155, 156, 157, 158, 159, 160, 163, 164, 165, 166, 167, 170, 171, 172, 173, 174, 175, 176, 177, 178, 179, 181, 182, 183, 186, 189, 190, 191, 192, 195, 196, 197, 199, 200, 203, 204, 205, 206, 209, 210, 211, 212], "excluded_lines": [], "functions": {"_load_lore": {"executed_lines": [39, 40, 41, 43, 44, 45], "summary": {"covered_lines": 6, "num_statements": 7, "percent_covered": 85.71428571428571, "percent_covered_display": "86", "missing_lines": 1, "excluded_lines": 0}, "missing_lines": [42], "excluded_lines": []}, "_create_result": {"executed_lines": [56, 57], "summary": {"covered_lines": 2, "num_statements": 2, "percent_covered": 100.0, "percent_covered_display": "100", "missing_lines": 0, "excluded_lines": 0}, "missing_lines": [], "excluded_lines": []}, "determine_end_game_state": {"executed_lines": [88, 89, 90, 91, 94, 97, 98, 101, 102, 105, 106, 110, 111, 114, 115, 118, 119, 122, 123, 127], "summary": {"covered_lines": 20, "num_statements": 20, "percent_covered": 100.0, "percent_covered_display": "100", "missing_lines": 0, "excluded_lines": 0}, "missing_lines": [], "excluded_lines": []}, "show_end_game_summary": {"executed_lines": [], "summary": {"covered_lines": 0, "num_statements": 53, "percent_covered": 0.0, "percent_covered_display": "0", "missing_lines": 53, "excluded_lines": 0}, "missing_lines": [140, 141, 142, 143, 146, 147, 148, 149, 150, 153, 154, 155, 156, 157, 158, 159, 160, 163, 164, 165, 166, 167, 170, 171, 172, 173, 174, 175, 176, 177, 178, 179, 181, 182, 183, 186, 189, 190, 191, 192, 195, 196, 197, 199, 200, 203, 204, 205, 206, 209, 210, 211, 212], "excluded_lines": []}, "": {"executed_lines": [1, 10, 11, 12, 13, 16, 17, 18, 19, 20, 21, 22, 23, 24, 25, 28, 29, 30, 31, 32, 33, 34, 37, 48, 65, 131], "summary": {"covered_lines": 23, "num_statements": 23, "percent_covered": 100.0, "percent_covered_display": "100", "missing_lines": 0, "excluded_lines": 0}, "missing_lines": [], "excluded_lines": []}}, "classes": {"EndGameState": {"executed_lines": [], "summary": {"covered_lines": 0, "num_statements": 0, "percent_covered": 100.0, "percent_covered_display": "100", "missing_lines": 0, "excluded_lines": 0}, "missing_lines": [], "excluded_lines": []}, "EndGameResult": {"executed_lines": [], "summary": {"covered_lines": 0, "num_statements": 0, "percent_covered": 100.0, "percent_covered_display": "100", "missing_lines": 0, "excluded_lines": 0}, "missing_lines": [], "excluded_lines": []}, "": {"executed_lines": [1, 10, 11, 12, 13, 16, 17, 18, 19, 20, 21, 22, 23, 24, 25, 28, 29, 30, 31, 32, 33, 34, 37, 39, 40, 41, 43, 44, 45, 48, 56, 57, 65, 88, 89, 90, 91, 94, 97, 98, 101, 102, 105, 106, 110, 111, 114, 115, 118, 119, 122, 123, 127, 131], "summary": {"covered_lines": 51, "num_statements": 105, "percent_covered": 48.57142857142857, "percent_covered_display": "49", "missing_lines": 54, "excluded_lines": 0}, "missing_lines": [42, 140, 141, 142, 143, 146, 147, 148, 149, 150, 153, 154, 155, 156, 157, 158, 159, 160, 163, 164, 165, 166, 167, 170, 171, 172, 173, 174, 175, 176, 177, 178, 179, 181, 182, 183, 186, 189, 190, 191, 192, 195, 196, 197, 199, 200, 203, 204, 205, 206, 209, 210, 211, 212], "excluded_lines": []}}}, "core/game/game_manager.py": {"executed_lines": [1, 6, 7, 8, 9, 10, 11, 12, 13, 14, 15, 16, 19, 20, 21, 22, 29, 31, 32, 33, 34, 35, 38, 40, 44, 45, 47, 48, 49, 51, 54, 56, 57, 59, 61, 62, 63, 64, 66, 67, 68, 71, 79, 80, 81, 83, 86, 88, 94, 95, 96, 97, 99, 102, 104, 117, 120, 121, 122, 123, 126, 129, 130, 131, 132, 135, 138, 141, 142, 145, 148, 151, 152, 153, 154, 156, 159, 160, 164, 165, 166, 169, 172, 174, 175, 176, 178, 180, 181, 182, 184, 186, 187, 189, 191, 192, 194, 196, 198, 204, 207, 215, 218], "summary": {"covered_lines": 102, "num_statements": 104, "percent_covered": 98.07692307692308, "percent_covered_display": "98", "missing_lines": 2, "excluded_lines": 0}, "missing_lines": [200, 201], "excluded_lines": [], "functions": {"process_proactive_bribe": {"executed_lines": [31, 32, 33, 34, 35], "summary": {"covered_lines": 5, "num_statements": 5, "percent_covered": 100.0, "percent_covered_display": "100", "missing_lines": 0, "excluded_lines": 0}, "missing_lines": [], "excluded_lines": []}, "process_pass_without_inspection": {"executed_lines": [40, 44, 45, 47, 48, 49, 51], "summary": {"covered_lines": 7, "num_statements": 7, "percent_covered": 100.0, "percent_covered_display": "100", "missing_lines": 0, "excluded_lines": 0}, "missing_lines": [], "excluded_lines": []}, "display_inspection_results": {"executed_lines": [56, 57, 59, 61, 62, 63, 64, 66, 67, 68, 71, 79, 80, 81, 83], "summary": {"covered_lines": 15, "num_statements": 15, "percent_covered": 100.0, "percent_covered_display": "100", "missing_lines": 0, "excluded_lines": 0}, "missing_lines": [], "excluded_lines": []}, "process_inspection": {"executed_lines": [88, 94, 95, 96, 97, 99], "summary": {"covered_lines": 6, "num_statements": 6, "percent_covered": 100.0, "percent_covered_display": "100", "missing_lines": 0, "excluded_lines": 0}, "missing_lines": [], "excluded_lines": []}, "record_encounter": {"executed_lines": [104], "summary": {"covered_lines": 1, "num_statements": 1, "percent_covered": 100.0, "percent_covered_display": "100", "missing_lines": 0, "excluded_lines": 0}, "missing_lines": [], "excluded_lines": []}, "run_game": {"executed_lines": [120, 121, 122, 123, 126, 129, 130, 131, 132, 135, 138, 141, 142, 145, 148, 151, 152, 153, 154, 156, 159, 160, 164, 165, 166, 169, 172, 174, 175, 176, 178, 180, 181, 182, 184, 186, 187, 189, 191, 192, 194, 196, 198, 204, 207, 215, 218], "summary": {"covered_lines": 47, "num_statements": 49, "percent_covered": 95.91836734693878, "percent_covered_display": "96", "missing_lines": 2, "excluded_lines": 0}, "missing_lines": [200, 201], "excluded_lines": []}, "": {"executed_lines": [1, 6, 7, 8, 9, 10, 11, 12, 13, 14, 15, 16, 19, 20, 21, 22, 29, 38, 54, 86, 102, 117], "summary": {"covered_lines": 21, "num_statements": 21, "percent_covered": 100.0, "percent_covered_display": "100", "missing_lines": 0, "excluded_lines": 0}, "missing_lines": [], "excluded_lines": []}}, "classes": {"": {"executed_lines": [1, 6, 7, 8, 9, 10, 11, 12, 13, 14, 15, 16, 19, 20, 21, 22, 29, 31, 32, 33, 34, 35, 38, 40, 44, 45, 47, 48, 49, 51, 54, 56, 57, 59, 61, 62, 63, 64, 66, 67, 68, 71, 79, 80, 81, 83, 86, 88, 94, 95, 96, 97, 99, 102, 104, 117, 120, 121, 122, 123, 126, 129, 130, 131, 132, 135, 138, 141, 142, 145, 148, 151, 152, 153, 154, 156, 159, 160, 164, 165, 166, 169, 172, 174, 175, 176, 178, 180, 181, 182, 184, 186, 187, 189, 191, 192, 194, 196, 198, 204, 207, 215, 218], "summary": {"covered_lines": 102, "num_statements": 104, "percent_covered": 98.07692307692308, "percent_covered_display": "98", "missing_lines": 2, "excluded_lines": 0}, "missing_lines": [200, 201], "excluded_lines": []}}}, "core/game/game_rules.py": {"executed_lines": [1, 6, 14, 59, 69, 70, 73, 84, 85, 87, 88, 91, 92, 93, 94, 95, 97, 99], "summary": {"covered_lines": 17, "num_statements": 17, "percent_covered": 100.0, "percent_covered_display": "100", "missing_lines": 0, "excluded_lines": 0}, "missing_lines": [], "excluded_lines": [], "functions": {"calculate_confiscation_penalty": {"executed_lines": [69, 70], "summary": {"covered_lines": 2, "num_statements": 2, "percent_covered": 100.0, "percent_covered_display": "100", "missing_lines": 0, "excluded_lines": 0}, "missing_lines": [], "excluded_lines": []}, "separate_declared_and_undeclared": {"executed_lines": [84, 85, 87, 88, 91, 92, 93, 94, 95, 97, 99], "summary": {"covered_lines": 11, "num_statements": 11, "percent_covered": 100.0, "percent_covered_display": "100", "missing_lines": 0, "excluded_lines": 0}, "missing_lines": [], "excluded_lines": []}, "": {"executed_lines": [1, 6, 14, 59, 73], "summary": {"covered_lines": 4, "num_statements": 4, "percent_covered": 100.0, "percent_covered_display": "100", "missing_lines": 0, "excluded_lines": 0}, "missing_lines": [], "excluded_lines": []}}, "classes": {"": {"executed_lines": [1, 6, 14, 59, 69, 70, 73, 84, 85, 87, 88, 91, 92, 93, 94, 95, 97, 99], "summary": {"covered_lines": 17, "num_statements": 17, "percent_covered": 100.0, "percent_covered_display": "100", "missing_lines": 0, "excluded_lines": 0}, "missing_lines": [], "excluded_lines": []}}}, "core/game/inspection_display.py": {"executed_lines": [1, 6, 7, 8, 11, 22, 39, 60, 78, 95, 147, 156, 166, 176], "summary": {"covered_lines": 13, "num_statements": 111, "percent_covered": 11.711711711711711, "percent_covered_display": "12", "missing_lines": 98, "excluded_lines": 0}, "missing_lines": [13, 14, 15, 16, 17, 18, 19, 24, 25, 27, 28, 29, 31, 32, 33, 35, 36, 41, 42, 44, 45, 46, 47, 49, 50, 51, 52, 62, 63, 65, 66, 67, 69, 70, 71, 73, 74, 75, 80, 81, 83, 84, 85, 87, 88, 90, 91, 92, 98, 99, 101, 102, 103, 105, 106, 109, 110, 111, 112, 114, 115, 116, 119, 120, 121, 122, 123, 124, 126, 128, 129, 130, 131, 134, 135, 137, 138, 141, 142, 143, 144, 149, 150, 152, 153, 158, 159, 160, 162, 163, 168, 169, 171, 173, 178, 179, 181, 183], "excluded_lines": [], "functions": {"load_inspection_messages": {"executed_lines": [], "summary": {"covered_lines": 0, "num_statements": 7, "percent_covered": 0.0, "percent_covered_display": "0", "missing_lines": 7, "excluded_lines": 0}, "missing_lines": [13, 14, 15, 16, 17, 18, 19], "excluded_lines": []}, "show_inspection_header": {"executed_lines": [], "summary": {"covered_lines": 0, "num_statements": 10, "percent_covered": 0.0, "percent_covered_display": "0", "missing_lines": 10, "excluded_lines": 0}, "missing_lines": [24, 25, 27, 28, 29, 31, 32, 33, 35, 36], "excluded_lines": []}, "show_bag_contents": {"executed_lines": [], "summary": {"covered_lines": 0, "num_statements": 10, "percent_covered": 0.0, "percent_covered_display": "0", "missing_lines": 10, "excluded_lines": 0}, "missing_lines": [41, 42, 44, 45, 46, 47, 49, 50, 51, 52], "excluded_lines": []}, "show_bluff_succeeded": {"executed_lines": [], "summary": {"covered_lines": 0, "num_statements": 11, "percent_covered": 0.0, "percent_covered_display": "0", "missing_lines": 11, "excluded_lines": 0}, "missing_lines": [62, 63, 65, 66, 67, 69, 70, 71, 73, 74, 75], "excluded_lines": []}, "show_honest_verdict": {"executed_lines": [], "summary": {"covered_lines": 0, "num_statements": 10, "percent_covered": 0.0, "percent_covered_display": "0", "missing_lines": 10, "excluded_lines": 0}, "missing_lines": [80, 81, 83, 84, 85, 87, 88, 90, 91, 92], "excluded_lines": []}, "show_lying_verdict": {"executed_lines": [], "summary": {"covered_lines": 0, "num_statements": 33, "percent_covered": 0.0, "percent_covered_display": "0", "missing_lines": 33, "excluded_lines": 0}, "missing_lines": [98, 99, 101, 102, 103, 105, 106, 109, 110, 111, 112, 114, 115, 116, 119, 120, 121, 122, 123, 124, 126, 128, 129, 130, 131, 134, 135, 137, 138, 141, 142, 143, 144], "excluded_lines": []}, "show_inspection_footer": {"executed_lines": [], "summary": {"covered_lines": 0, "num_statements": 4, "percent_covered": 0.0, "percent_covered_display": "0", "missing_lines": 4, "excluded_lines": 0}, "missing_lines": [149, 150, 152, 153], "excluded_lines": []}, "show_tell": {"executed_lines": [], "summary": {"covered_lines": 0, "num_statements": 5, "percent_covered": 0.0, "percent_covered_display": "0", "missing_lines": 5, "excluded_lines": 0}, "missing_lines": [158, 159, 160, 162, 163], "excluded_lines": []}, "show_bribe_accepted_status": {"executed_lines": [], "summary": {"covered_lines": 0, "num_statements": 4, "percent_covered": 0.0, "percent_covered_display": "0", "missing_lines": 4, "excluded_lines": 0}, "missing_lines": [168, 169, 171, 173], "excluded_lines": []}, "show_merchant_sold_goods": {"executed_lines": [], "summary": {"covered_lines": 0, "num_statements": 4, "percent_covered": 0.0, "percent_covered_display": "0", "missing_lines": 4, "excluded_lines": 0}, "missing_lines": [178, 179, 181, 183], "excluded_lines": []}, "": {"executed_lines": [1, 6, 7, 8, 11, 22, 39, 60, 78, 95, 147, 156, 166, 176], "summary": {"covered_lines": 13, "num_statements": 13, "percent_covered": 100.0, "percent_covered_display": "100", "missing_lines": 0, "excluded_lines": 0}, "missing_lines": [], "excluded_lines": []}}, "classes": {"": {"executed_lines": [1, 6, 7, 8, 11, 22, 39, 60, 78, 95, 147, 156, 166, 176], "summary": {"covered_lines": 13, "num_statements": 111, "percent_covered": 11.711711711711711, "percent_covered_display": "12", "missing_lines": 98, "excluded_lines": 0}, "missing_lines": [13, 14, 15, 16, 17, 18, 19, 24, 25, 27, 28, 29, 31, 32, 33, 35, 36, 41, 42, 44, 45, 46, 47, 49, 50, 51, 52, 62, 63, 65, 66, 67, 69, 70, 71, 73, 74, 75, 80, 81, 83, 84, 85, 87, 88, 90, 91, 92, 98, 99, 101, 102, 103, 105, 106, 109, 110, 111, 112, 114, 115, 116, 119, 120, 121, 122, 123, 124, 126, 128, 129, 130, 131, 134, 135, 137, 138, 141, 142, 143, 144, 149, 150, 152, 153, 158, 159, 160, 162, 163, 168, 169, 171, 173, 178, 179, 181, 183], "excluded_lines": []}}}, "core/game/merchant_encounter.py": {"executed_lines": [1, 6, 7, 8, 9, 13, 14, 20], "summary": {"covered_lines": 7, "num_statements": 37, "percent_covered": 18.91891891891892, "percent_covered_display": "19", "missing_lines": 30, "excluded_lines": 0}, "missing_lines": [32, 35, 38, 40, 41, 42, 45, 46, 47, 50, 52, 54, 56, 57, 58, 60, 62, 63, 65, 67, 70, 74, 76, 77, 78, 80, 82, 83, 87, 88], "excluded_lines": [], "functions": {"run_negotiation": {"executed_lines": [], "summary": {"covered_lines": 0, "num_statements": 30, "percent_covered": 0.0, "percent_covered_display": "0", "missing_lines": 30, "excluded_lines": 0}, "missing_lines": [32, 35, 38, 40, 41, 42, 45, 46, 47, 50, 52, 54, 56, 57, 58, 60, 62, 63, 65, 67, 70, 74, 76, 77, 78, 80, 82, 83, 87, 88], "excluded_lines": []}, "": {"executed_lines": [1, 6, 7, 8, 9, 13, 14, 20], "summary": {"covered_lines": 7, "num_statements": 7, "percent_covered": 100.0, "percent_covered_display": "100", "missing_lines": 0, "excluded_lines": 0}, "missing_lines": [], "excluded_lines": []}}, "classes": {"": {"executed_lines": [1, 6, 7, 8, 9, 13, 14, 20], "summary": {"covered_lines": 7, "num_statements": 37, "percent_covered": 18.91891891891892, "percent_covered_display": "19", "missing_lines": 30, "excluded_lines": 0}, "missing_lines": [32, 35, 38, 40, 41, 42, 45, 46, 47, 50, 52, 54, 56, 57, 58, 60, 62, 63, 65, 67, 70, 74, 76, 77, 78, 80, 82, 83, 87, 88], "excluded_lines": []}}}, "core/game/rounds.py": {"executed_lines": [1, 3, 4, 5, 7, 8, 9, 12, 13, 14, 15, 16, 19, 20, 21, 22, 23, 24, 25, 26, 27, 31, 32, 35, 40, 66, 67, 71, 72, 74, 75, 76, 77, 81, 82, 83, 84, 86, 87, 92], "summary": {"covered_lines": 37, "num_statements": 40, "percent_covered": 92.5, "percent_covered_display": "92", "missing_lines": 3, "excluded_lines": 0}, "missing_lines": [37, 88, 90], "excluded_lines": [], "functions": {"merchant_arrival": {"executed_lines": [], "summary": {"covered_lines": 0, "num_statements": 1, "percent_covered": 0.0, "percent_covered_display": "0", "missing_lines": 1, "excluded_lines": 0}, "missing_lines": [37], "excluded_lines": []}, "resolve_inspection": {"executed_lines": [66, 67, 71, 72, 74, 75, 76, 77, 81, 82, 83, 84, 86, 87, 92], "summary": {"covered_lines": 15, "num_statements": 17, "percent_covered": 88.23529411764706, "percent_covered_display": "88", "missing_lines": 2, "excluded_lines": 0}, "missing_lines": [88, 90], "excluded_lines": []}, "": {"executed_lines": [1, 3, 4, 5, 7, 8, 9, 12, 13, 14, 15, 16, 19, 20, 21, 22, 23, 24, 25, 26, 27, 31, 32, 35, 40], "summary": {"covered_lines": 22, "num_statements": 22, "percent_covered": 100.0, "percent_covered_display": "100", "missing_lines": 0, "excluded_lines": 0}, "missing_lines": [], "excluded_lines": []}}, "classes": {"Declaration": {"executed_lines": [], "summary": {"covered_lines": 0, "num_statements": 0, "percent_covered": 100.0, "percent_covered_display": "100", "missing_lines": 0, "excluded_lines": 0}, "missing_lines": [], "excluded_lines": []}, "RoundState": {"executed_lines": [], "summary": {"covered_lines": 0, "num_statements": 0, "percent_covered": 100.0, "percent_covered_display": "100", "missing_lines": 0, "excluded_lines": 0}, "missing_lines": [], "excluded_lines": []}, "": {"executed_lines": [1, 3, 4, 5, 7, 8, 9, 12, 13, 14, 15, 16, 19, 20, 21, 22, 23, 24, 25, 26, 27, 31, 32, 35, 40, 66, 67, 71, 72, 74, 75, 76, 77, 81, 82, 83, 84, 86, 87, 92], "summary": {"covered_lines": 37, "num_statements": 40, "percent_covered": 92.5, "percent_covered_display": "92", "missing_lines": 3, "excluded_lines": 0}, "missing_lines": [37, 88, 90], "excluded_lines": []}}}, "core/mechanics/__init__.py": {"executed_lines": [1], "summary": {"covered_lines": 0, "num_statements": 0, "percent_covered": 100.0, "percent_covered_display": "100", "missing_lines": 0, "excluded_lines": 0}, "missing_lines": [], "excluded_lines": [], "functions": {"": {"executed_lines": [1], "summary": {"covered_lines": 0, "num_statements": 0, "percent_covered": 100.0, "percent_covered_display": "100", "missing_lines": 0, "excluded_lines": 0}, "missing_lines": [], "excluded_lines": []}}, "classes": {"": {"executed_lines": [1], "summary": {"covered_lines": 0, "num_statements": 0, "percent_covered": 100.0, "percent_covered_display": "100", "missing_lines": 0, "excluded_lines": 0}, "missing_lines": [], "excluded_lines": []}}}, "core/mechanics/bag_builder.py": {"executed_lines": [1, 6, 7, 8, 9, 12, 23, 25, 26, 27, 28, 31, 33, 34, 37, 39, 40], "summary": {"covered_lines": 16, "num_statements": 16, "percent_covered": 100.0, "percent_covered_display": "100", "missing_lines": 0, "excluded_lines": 0}, "missing_lines": [], "excluded_lines": [], "functions": {"build_bag_and_declaration": {"executed_lines": [23, 25, 26, 27, 28, 31, 33, 34], "summary": {"covered_lines": 8, "num_statements": 8, "percent_covered": 100.0, "percent_covered_display": "100", "missing_lines": 0, "excluded_lines": 0}, "missing_lines": [], "excluded_lines": []}, "choose_tell": {"executed_lines": [39, 40], "summary": {"covered_lines": 2, "num_statements": 2, "percent_covered": 100.0, "percent_covered_display": "100", "missing_lines": 0, "excluded_lines": 0}, "missing_lines": [], "excluded_lines": []}, "": {"executed_lines": [1, 6, 7, 8, 9, 12, 37], "summary": {"covered_lines": 6, "num_statements": 6, "percent_covered": 100.0, "percent_covered_display": "100", "missing_lines": 0, "excluded_lines": 0}, "missing_lines": [], "excluded_lines": []}}, "classes": {"": {"executed_lines": [1, 6, 7, 8, 9, 12, 23, 25, 26, 27, 28, 31, 33, 34, 37, 39, 40], "summary": {"covered_lines": 16, "num_statements": 16, "percent_covered": 100.0, "percent_covered_display": "100", "missing_lines": 0, "excluded_lines": 0}, "missing_lines": [], "excluded_lines": []}}}, "core/mechanics/goods.py": {"executed_lines": [1, 3, 4, 5, 8, 9, 10, 13, 14, 15, 16, 17, 18, 19, 21, 22, 24, 25, 29, 30, 31, 32, 35, 36, 37, 38, 40, 41, 42, 44, 47, 48], "summary": {"covered_lines": 30, "num_statements": 30, "percent_covered": 100.0, "percent_covered_display": "100", "missing_lines": 0, "excluded_lines": 0}, "missing_lines": [], "excluded_lines": [], "functions": {"Good.is_legal": {"executed_lines": [22], "summary": {"covered_lines": 1, "num_statements": 1, "percent_covered": 100.0, "percent_covered_display": "100", "missing_lines": 0, "excluded_lines": 0}, "missing_lines": [], "excluded_lines": []}, "Good.is_contraband": {"executed_lines": [25], "summary": {"covered_lines": 1, "num_statements": 1, "percent_covered": 100.0, "percent_covered_display": "100", "missing_lines": 0, "excluded_lines": 0}, "missing_lines": [], "excluded_lines": []}, "good_by_id": {"executed_lines": [48], "summary": {"covered_lines": 1, "num_statements": 1, "percent_covered": 100.0, "percent_covered_display": "100", "missing_lines": 0, "excluded_lines": 0}, "missing_lines": [], "excluded_lines": []}, "": {"executed_lines": [1, 3, 4, 5, 8, 9, 10, 13, 14, 15, 16, 17, 18, 19, 21, 24, 29, 30, 31, 32, 35, 36, 37, 38, 40, 41, 42, 44, 47], "summary": {"covered_lines": 27, "num_statements": 27, "percent_covered": 100.0, "percent_covered_display": "100", "missing_lines": 0, "excluded_lines": 0}, "missing_lines": [], "excluded_lines": []}}, "classes": {"GoodKind": {"executed_lines": [], "summary": {"covered_lines": 0, "num_statements": 0, "percent_covered": 100.0, "percent_covered_display": "100", "missing_lines": 0, "excluded_lines": 0}, "missing_lines": [], "excluded_lines": []}, "Good": {"executed_lines": [22, 25], "summary": {"covered_lines": 2, "num_statements": 2, "percent_covered": 100.0, "percent_covered_display": "100", "missing_lines": 0, "excluded_lines": 0}, "missing_lines": [], "excluded_lines": []}, "": {"executed_lines": [1, 3, 4, 5, 8, 9, 10, 13, 14, 15, 16, 17, 18, 19, 21, 24, 29, 30, 31, 32, 35, 36, 37, 38, 40, 41, 42, 44, 47, 48], "summary": {"covered_lines": 28, "num_statements": 28, "percent_covered": 100.0, "percent_covered_display": "100", "missing_lines": 0, "excluded_lines": 0}, "missing_lines": [], "excluded_lines": []}}}, "core/mechanics/inspection.py": {"executed_lines": [1, 6, 7, 8, 11, 44, 45, 49, 54, 59, 61, 72, 73, 75, 77, 79, 92, 95, 96, 99, 101, 111, 124, 125, 127, 133], "summary": {"covered_lines": 25, "num_statements": 25, "percent_covered": 100.0, "percent_covered_display": "100", "missing_lines": 0, "excluded_lines": 0}, "missing_lines": [], "excluded_lines": [], "functions": {"handle_inspection": {"executed_lines": [44, 45, 49, 54, 59, 61, 72, 73, 75, 77, 79, 92, 95, 96, 99, 101], "summary": {"covered_lines": 16, "num_statements": 16, "percent_covered": 100.0, "percent_covered_display": "100", "missing_lines": 0, "excluded_lines": 0}, "missing_lines": [], "excluded_lines": []}, "handle_pass_without_inspection": {"executed_lines": [124, 125, 127, 133], "summary": {"covered_lines": 4, "num_statements": 4, "percent_covered": 100.0, "percent_covered_display": "100", "missing_lines": 0, "excluded_lines": 0}, "missing_lines": [], "excluded_lines": []}, "": {"executed_lines": [1, 6, 7, 8, 11, 111], "summary": {"covered_lines": 5, "num_statements": 5, "percent_covered": 100.0, "percent_covered_display": "100", "missing_lines": 0, "excluded_lines": 0}, "missing_lines": [], "excluded_lines": []}}, "classes": {"": {"executed_lines": [1, 6, 7, 8, 11, 44, 45, 49, 54, 59, 61, 72, 73, 75, 77, 79, 92, 95, 96, 99, 101, 111, 124, 125, 127, 133], "summary": {"covered_lines": 25, "num_statements": 25, "percent_covered": 100.0, "percent_covered_display": "100", "missing_lines": 0, "excluded_lines": 0}, "missing_lines": [], "excluded_lines": []}}}, "core/mechanics/negotiation.py": {"executed_lines": [1, 3, 4, 5, 7, 8, 9, 12, 13, 14, 15, 16, 17, 20, 21, 22, 23, 24, 25, 26, 29, 30, 31, 32, 33, 35, 36, 37, 38, 39, 42, 54, 56, 64, 74, 77, 83, 84, 85, 88, 93, 94, 97, 108, 113, 117, 118, 122, 123, 124, 129, 141, 142, 143, 146, 152, 153, 154, 157, 163, 164, 165, 166, 179], "summary": {"covered_lines": 61, "num_statements": 76, "percent_covered": 80.26315789473684, "percent_covered_display": "80", "missing_lines": 15, "excluded_lines": 0}, "missing_lines": [109, 110, 111, 114, 115, 120, 126, 169, 171, 172, 173, 175, 176, 189, 195], "excluded_lines": [], "functions": {"NegotiationState.__post_init__": {"executed_lines": [36, 37, 38, 39], "summary": {"covered_lines": 4, "num_statements": 4, "percent_covered": 100.0, "percent_covered_display": "100", "missing_lines": 0, "excluded_lines": 0}, "missing_lines": [], "excluded_lines": []}, "initiate_threat": {"executed_lines": [54, 56], "summary": {"covered_lines": 2, "num_statements": 2, "percent_covered": 100.0, "percent_covered_display": "100", "missing_lines": 0, "excluded_lines": 0}, "missing_lines": [], "excluded_lines": []}, "merchant_respond_to_threat": {"executed_lines": [74, 77, 83, 84, 85, 88, 93, 94], "summary": {"covered_lines": 8, "num_statements": 8, "percent_covered": 100.0, "percent_covered_display": "100", "missing_lines": 0, "excluded_lines": 0}, "missing_lines": [], "excluded_lines": []}, "sheriff_respond_to_bribe": {"executed_lines": [108, 113, 117, 118, 122, 123, 124], "summary": {"covered_lines": 7, "num_statements": 14, "percent_covered": 50.0, "percent_covered_display": "50", "missing_lines": 7, "excluded_lines": 0}, "missing_lines": [109, 110, 111, 114, 115, 120, 126], "excluded_lines": []}, "merchant_respond_to_counter": {"executed_lines": [141, 142, 143, 146, 152, 153, 154, 157, 163, 164, 165, 166], "summary": {"covered_lines": 12, "num_statements": 18, "percent_covered": 66.66666666666667, "percent_covered_display": "67", "missing_lines": 6, "excluded_lines": 0}, "missing_lines": [169, 171, 172, 173, 175, 176], "excluded_lines": []}, "resolve_negotiation": {"executed_lines": [], "summary": {"covered_lines": 0, "num_statements": 2, "percent_covered": 0.0, "percent_covered_display": "0", "missing_lines": 2, "excluded_lines": 0}, "missing_lines": [189, 195], "excluded_lines": []}, "": {"executed_lines": [1, 3, 4, 5, 7, 8, 9, 12, 13, 14, 15, 16, 17, 20, 21, 22, 23, 24, 25, 26, 29, 30, 31, 32, 33, 35, 42, 64, 97, 129, 179], "summary": {"covered_lines": 28, "num_statements": 28, "percent_covered": 100.0, "percent_covered_display": "100", "missing_lines": 0, "excluded_lines": 0}, "missing_lines": [], "excluded_lines": []}}, "classes": {"NegotiationOutcome": {"executed_lines": [], "summary": {"covered_lines": 0, "num_statements": 0, "percent_covered": 100.0, "percent_covered_display": "100", "missing_lines": 0, "excluded_lines": 0}, "missing_lines": [], "excluded_lines": []}, "NegotiationState": {"executed_lines": [36, 37, 38, 39], "summary": {"covered_lines": 4, "num_statements": 4, "percent_covered": 100.0, "percent_covered_display": "100", "missing_lines": 0, "excluded_lines": 0}, "missing_lines": [], "excluded_lines": []}, "": {"executed_lines": [1, 3, 4, 5, 7, 8, 9, 12, 13, 14, 15, 16, 17, 20, 21, 22, 23, 24, 25, 26, 29, 30, 31, 32, 33, 35, 42, 54, 56, 64, 74, 77, 83, 84, 85, 88, 93, 94, 97, 108, 113, 117, 118, 122, 123, 124, 129, 141, 142, 143, 146, 152, 153, 154, 157, 163, 164, 165, 166, 179], "summary": {"covered_lines": 57, "num_statements": 72, "percent_covered": 79.16666666666667, "percent_covered_display": "79", "missing_lines": 15, "excluded_lines": 0}, "missing_lines": [109, 110, 111, 114, 115, 120, 126, 169, 171, 172, 173, 175, 176, 189, 195], "excluded_lines": []}}}, "core/players/__init__.py": {"executed_lines": [1], "summary": {"covered_lines": 0, "num_statements": 0, "percent_covered": 100.0, "percent_covered_display": "100", "missing_lines": 0, "excluded_lines": 0}, "missing_lines": [], "excluded_lines": [], "functions": {"": {"executed_lines": [1], "summary": {"covered_lines": 0, "num_statements": 0, "percent_covered": 100.0, "percent_covered_display": "100", "missing_lines": 0, "excluded_lines": 0}, "missing_lines": [], "excluded_lines": []}}, "classes": {"": {"executed_lines": [1], "summary": {"covered_lines": 0, "num_statements": 0, "percent_covered": 100.0, "percent_covered_display": "100", "missing_lines": 0, "excluded_lines": 0}, "missing_lines": [], "excluded_lines": []}}}, "core/players/merchant_loader.py": {"executed_lines": [1, 6, 7, 8, 9, 10, 13, 15, 18, 28, 30, 31, 32, 33, 35, 36, 37, 38, 40, 42, 44, 46, 48, 49, 50, 51, 52, 55, 56, 57, 59, 60, 61, 62, 64, 77, 78, 80, 81, 82, 83, 84, 85, 86, 87, 88, 90, 91], "summary": {"covered_lines": 47, "num_statements": 47, "percent_covered": 100.0, "percent_covered_display": "100", "missing_lines": 0, "excluded_lines": 0}, "missing_lines": [], "excluded_lines": [], "functions": {"characters_dir": {"executed_lines": [15], "summary": {"covered_lines": 1, "num_statements": 1, "percent_covered": 100.0, "percent_covered_display": "100", "missing_lines": 0, "excluded_lines": 0}, "missing_lines": [], "excluded_lines": []}, "load_merchants": {"executed_lines": [28, 30, 31, 32, 33, 35, 36, 37, 38, 40, 42, 44, 46, 48, 49, 50, 51, 52, 55, 56, 57, 59, 60, 61, 62, 64, 77, 78, 80, 81, 82, 83, 84, 85, 86, 87, 88, 90, 91], "summary": {"covered_lines": 39, "num_statements": 39, "percent_covered": 100.0, "percent_covered_display": "100", "missing_lines": 0, "excluded_lines": 0}, "missing_lines": [], "excluded_lines": []}, "": {"executed_lines": [1, 6, 7, 8, 9, 10, 13, 18], "summary": {"covered_lines": 7, "num_statements": 7, "percent_covered": 100.0, "percent_covered_display": "100", "missing_lines": 0, "excluded_lines": 0}, "missing_lines": [], "excluded_lines": []}}, "classes": {"": {"executed_lines": [1, 6, 7, 8, 9, 10, 13, 15, 18, 28, 30, 31, 32, 33, 35, 36, 37, 38, 40, 42, 44, 46, 48, 49, 50, 51, 52, 55, 56, 57, 59, 60, 61, 62, 64, 77, 78, 80, 81, 82, 83, 84, 85, 86, 87, 88, 90, 91], "summary": {"covered_lines": 47, "num_statements": 47, "percent_covered": 100.0, "percent_covered_display": "100", "missing_lines": 0, "excluded_lines": 0}, "missing_lines": [], "excluded_lines": []}}}, "core/players/merchants.py": {"executed_lines": [1, 3, 4, 5, 6, 7, 9, 10, 13, 14, 15, 16, 17, 18, 19, 20, 21, 22, 23, 25, 26, 27, 28, 30, 31, 32, 33, 35, 37, 39, 41, 74, 109, 140, 151, 152, 153, 154, 155, 158, 159, 160, 161, 163, 169, 176, 192, 195, 198, 200, 202, 215, 219, 222, 225, 227, 230, 232, 246, 250, 253, 256, 259, 263, 265, 266, 271, 272, 277, 288, 290, 291, 294, 296, 297, 300, 301, 303, 305, 307, 308, 309, 310, 311, 312, 313, 314, 315, 318, 319, 322, 323, 324, 327, 329, 330, 331, 332, 334, 336, 350, 359], "summary": {"covered_lines": 99, "num_statements": 136, "percent_covered": 72.79411764705883, "percent_covered_display": "73", "missing_lines": 37, "excluded_lines": 0}, "missing_lines": [51, 54, 62, 64, 65, 66, 68, 69, 72, 88, 91, 93, 95, 96, 97, 99, 102, 105, 107, 129, 132, 138, 216, 260, 264, 268, 284, 285, 298, 351, 352, 353, 354, 355, 356, 357, 358], "excluded_lines": [], "functions": {"Merchant.roll_bluff": {"executed_lines": [39], "summary": {"covered_lines": 1, "num_statements": 1, "percent_covered": 100.0, "percent_covered_display": "100", "missing_lines": 0, "excluded_lines": 0}, "missing_lines": [], "excluded_lines": []}, "Merchant.should_offer_proactive_bribe": {"executed_lines": [], "summary": {"covered_lines": 0, "num_statements": 9, "percent_covered": 0.0, "percent_covered_display": "0", "missing_lines": 9, "excluded_lines": 0}, "missing_lines": [51, 54, 62, 64, 65, 66, 68, 69, 72], "excluded_lines": []}, "Merchant.calculate_proactive_bribe": {"executed_lines": [], "summary": {"covered_lines": 0, "num_statements": 10, "percent_covered": 0.0, "percent_covered_display": "0", "missing_lines": 10, "excluded_lines": 0}, "missing_lines": [88, 91, 93, 95, 96, 97, 99, 102, 105, 107], "excluded_lines": []}, "Merchant.choose_declaration": {"executed_lines": [], "summary": {"covered_lines": 0, "num_statements": 3, "percent_covered": 0.0, "percent_covered_display": "0", "missing_lines": 3, "excluded_lines": 0}, "missing_lines": [129, 132, 138], "excluded_lines": []}, "Merchant.record_round_result": {"executed_lines": [151, 152, 153, 154, 155, 158, 159, 160, 161], "summary": {"covered_lines": 9, "num_statements": 9, "percent_covered": 100.0, "percent_covered_display": "100", "missing_lines": 0, "excluded_lines": 0}, "missing_lines": [], "excluded_lines": []}, "Merchant.smuggle_summary": {"executed_lines": [169], "summary": {"covered_lines": 1, "num_statements": 1, "percent_covered": 100.0, "percent_covered_display": "100", "missing_lines": 0, "excluded_lines": 0}, "missing_lines": [], "excluded_lines": []}, "Merchant.should_negotiate": {"executed_lines": [192, 195, 198, 200], "summary": {"covered_lines": 4, "num_statements": 4, "percent_covered": 100.0, "percent_covered_display": "100", "missing_lines": 0, "excluded_lines": 0}, "missing_lines": [], "excluded_lines": []}, "Merchant.calculate_bribe_offer": {"executed_lines": [215, 219, 222, 225, 227, 230], "summary": {"covered_lines": 6, "num_statements": 7, "percent_covered": 85.71428571428571, "percent_covered_display": "86", "missing_lines": 1, "excluded_lines": 0}, "missing_lines": [216], "excluded_lines": []}, "Merchant.should_accept_counter": {"executed_lines": [246, 250, 253, 256, 259, 263, 265, 266], "summary": {"covered_lines": 8, "num_statements": 11, "percent_covered": 72.72727272727273, "percent_covered_display": "73", "missing_lines": 3, "excluded_lines": 0}, "missing_lines": [260, 264, 268], "excluded_lines": []}, "InformationBroker.choose_declaration": {"executed_lines": [], "summary": {"covered_lines": 0, "num_statements": 2, "percent_covered": 0.0, "percent_covered_display": "0", "missing_lines": 2, "excluded_lines": 0}, "missing_lines": [284, 285], "excluded_lines": []}, "characters_dir": {"executed_lines": [290, 291], "summary": {"covered_lines": 2, "num_statements": 2, "percent_covered": 100.0, "percent_covered_display": "100", "missing_lines": 0, "excluded_lines": 0}, "missing_lines": [], "excluded_lines": []}, "load_merchants": {"executed_lines": [296, 297, 300, 301, 303, 305, 307, 308, 309, 310, 311, 312, 313, 314, 315, 318, 319, 322, 323, 324, 327, 329, 330, 331, 332, 334, 336, 350, 359], "summary": {"covered_lines": 29, "num_statements": 38, "percent_covered": 76.3157894736842, "percent_covered_display": "76", "missing_lines": 9, "excluded_lines": 0}, "missing_lines": [298, 351, 352, 353, 354, 355, 356, 357, 358], "excluded_lines": []}, "": {"executed_lines": [1, 3, 4, 5, 6, 7, 9, 10, 13, 14, 15, 16, 17, 18, 19, 20, 21, 22, 23, 25, 26, 27, 28, 30, 31, 32, 33, 35, 37, 41, 74, 109, 140, 163, 176, 202, 232, 271, 272, 277, 288, 294], "summary": {"covered_lines": 39, "num_statements": 39, "percent_covered": 100.0, "percent_covered_display": "100", "missing_lines": 0, "excluded_lines": 0}, "missing_lines": [], "excluded_lines": []}}, "classes": {"Merchant": {"executed_lines": [39, 151, 152, 153, 154, 155, 158, 159, 160, 161, 169, 192, 195, 198, 200, 215, 219, 222, 225, 227, 230, 246, 250, 253, 256, 259, 263, 265, 266], "summary": {"covered_lines": 29, "num_statements": 55, "percent_covered": 52.72727272727273, "percent_covered_display": "53", "missing_lines": 26, "excluded_lines": 0}, "missing_lines": [51, 54, 62, 64, 65, 66, 68, 69, 72, 88, 91, 93, 95, 96, 97, 99, 102, 105, 107, 129, 132, 138, 216, 260, 264, 268], "excluded_lines": []}, "InformationBroker": {"executed_lines": [], "summary": {"covered_lines": 0, "num_statements": 2, "percent_covered": 0.0, "percent_covered_display": "0", "missing_lines": 2, "excluded_lines": 0}, "missing_lines": [284, 285], "excluded_lines": []}, "": {"executed_lines": [1, 3, 4, 5, 6, 7, 9, 10, 13, 14, 15, 16, 17, 18, 19, 20, 21, 22, 23, 25, 26, 27, 28, 30, 31, 32, 33, 35, 37, 41, 74, 109, 140, 163, 176, 202, 232, 271, 272, 277, 288, 290, 291, 294, 296, 297, 300, 301, 303, 305, 307, 308, 309, 310, 311, 312, 313, 314, 315, 318, 319, 322, 323, 324, 327, 329, 330, 331, 332, 334, 336, 350, 359], "summary": {"covered_lines": 70, "num_statements": 79, "percent_covered": 88.60759493670886, "percent_covered_display": "89", "missing_lines": 9, "excluded_lines": 0}, "missing_lines": [298, 351, 352, 353, 354, 355, 356, 357, 358], "excluded_lines": []}}}, "core/players/sheriff.py": {"executed_lines": [1, 3, 4, 12, 13, 14, 15, 16, 17, 18, 20], "summary": {"covered_lines": 9, "num_statements": 12, "percent_covered": 75.0, "percent_covered_display": "75", "missing_lines": 3, "excluded_lines": 0}, "missing_lines": [21, 23, 24], "excluded_lines": [], "functions": {"Sheriff.level_up": {"executed_lines": [], "summary": {"covered_lines": 0, "num_statements": 3, "percent_covered": 0.0, "percent_covered_display": "0", "missing_lines": 3, "excluded_lines": 0}, "missing_lines": [21, 23, 24], "excluded_lines": []}, "": {"executed_lines": [1, 3, 4, 12, 13, 14, 15, 16, 17, 18, 20], "summary": {"covered_lines": 9, "num_statements": 9, "percent_covered": 100.0, "percent_covered_display": "100", "missing_lines": 0, "excluded_lines": 0}, "missing_lines": [], "excluded_lines": []}}, "classes": {"Sheriff": {"executed_lines": [], "summary": {"covered_lines": 0, "num_statements": 3, "percent_covered": 0.0, "percent_covered_display": "0", "missing_lines": 3, "excluded_lines": 0}, "missing_lines": [21, 23, 24], "excluded_lines": []}, "": {"executed_lines": [1, 3, 4, 12, 13, 14, 15, 16, 17, 18, 20], "summary": {"covered_lines": 9, "num_statements": 9, "percent_covered": 100.0, "percent_covered_display": "100", "missing_lines": 0, "excluded_lines": 0}, "missing_lines": [], "excluded_lines": []}}}, "core/players/sheriff_analysis.py": {"executed_lines": [1, 9, 25, 26, 29, 30, 32, 33, 34, 37, 40, 41, 42, 43, 46, 47, 48, 51, 74, 75, 76, 77, 79, 81, 90, 91, 92, 93, 94, 97, 102, 104, 105, 108, 109, 111, 114, 115, 117, 118, 120], "summary": {"covered_lines": 40, "num_statements": 40, "percent_covered": 100.0, "percent_covered_display": "100", "missing_lines": 0, "excluded_lines": 0}, "missing_lines": [], "excluded_lines": [], "functions": {"calculate_catch_rate": {"executed_lines": [25, 26, 29, 30, 32, 33, 34, 37, 40, 41, 42, 43, 46, 47, 48], "summary": {"covered_lines": 15, "num_statements": 15, "percent_covered": 100.0, "percent_covered_display": "100", "missing_lines": 0, "excluded_lines": 0}, "missing_lines": [], "excluded_lines": []}, "analyze_sheriff_detailed": {"executed_lines": [74, 75, 76, 77, 79, 81, 90, 91, 92, 93, 94, 97, 102, 104, 105, 108, 109, 111, 114, 115, 117, 118, 120], "summary": {"covered_lines": 23, "num_statements": 23, "percent_covered": 100.0, "percent_covered_display": "100", "missing_lines": 0, "excluded_lines": 0}, "missing_lines": [], "excluded_lines": []}, "": {"executed_lines": [1, 9, 51], "summary": {"covered_lines": 2, "num_statements": 2, "percent_covered": 100.0, "percent_covered_display": "100", "missing_lines": 0, "excluded_lines": 0}, "missing_lines": [], "excluded_lines": []}}, "classes": {"": {"executed_lines": [1, 9, 25, 26, 29, 30, 32, 33, 34, 37, 40, 41, 42, 43, 46, 47, 48, 51, 74, 75, 76, 77, 79, 81, 90, 91, 92, 93, 94, 97, 102, 104, 105, 108, 109, 111, 114, 115, 117, 118, 120], "summary": {"covered_lines": 40, "num_statements": 40, "percent_covered": 100.0, "percent_covered_display": "100", "missing_lines": 0, "excluded_lines": 0}, "missing_lines": [], "excluded_lines": []}}}, "core/systems/__init__.py": {"executed_lines": [1], "summary": {"covered_lines": 0, "num_statements": 0, "percent_covered": 100.0, "percent_covered_display": "100", "missing_lines": 0, "excluded_lines": 0}, "missing_lines": [], "excluded_lines": [], "functions": {"": {"executed_lines": [1], "summary": {"covered_lines": 0, "num_statements": 0, "percent_covered": 100.0, "percent_covered_display": "100", "missing_lines": 0, "excluded_lines": 0}, "missing_lines": [], "excluded_lines": []}}, "classes": {"": {"executed_lines": [1], "summary": {"covered_lines": 0, "num_statements": 0, "percent_covered": 100.0, "percent_covered_display": "100", "missing_lines": 0, "excluded_lines": 0}, "missing_lines": [], "excluded_lines": []}}}, "core/systems/game_master_state.py": {"executed_lines": [1, 16, 17, 18, 21, 22, 23, 24, 25, 28, 29, 30, 31, 32, 33, 34, 35, 36, 37, 38, 39, 40, 43, 44, 45, 51, 52, 54, 67, 79, 80, 82, 92, 94, 95, 97, 100, 103, 106, 108, 110, 125, 132, 133, 140, 141, 142, 143, 144, 147, 148, 149, 151, 162, 184, 187, 190, 192, 195, 198], "summary": {"covered_lines": 56, "num_statements": 66, "percent_covered": 84.84848484848484, "percent_covered_display": "85", "missing_lines": 10, "excluded_lines": 0}, "missing_lines": [169, 170, 172, 173, 175, 176, 177, 178, 180, 191], "excluded_lines": [], "functions": {"GameMasterState.record_event": {"executed_lines": [67, 79, 80], "summary": {"covered_lines": 3, "num_statements": 3, "percent_covered": 100.0, "percent_covered_display": "100", "missing_lines": 0, "excluded_lines": 0}, "missing_lines": [], "excluded_lines": []}, "GameMasterState.get_history_for_tier": {"executed_lines": [92, 94, 95, 97, 100, 103, 106], "summary": {"covered_lines": 7, "num_statements": 7, "percent_covered": 100.0, "percent_covered_display": "100", "missing_lines": 0, "excluded_lines": 0}, "missing_lines": [], "excluded_lines": []}, "GameMasterState._event_to_dict": {"executed_lines": [110], "summary": {"covered_lines": 1, "num_statements": 1, "percent_covered": 100.0, "percent_covered_display": "100", "missing_lines": 0, "excluded_lines": 0}, "missing_lines": [], "excluded_lines": []}, "GameMasterState.get_sheriff_stats": {"executed_lines": [132, 133, 140, 141, 142, 143, 144, 147, 148, 149, 151], "summary": {"covered_lines": 11, "num_statements": 11, "percent_covered": 100.0, "percent_covered_display": "100", "missing_lines": 0, "excluded_lines": 0}, "missing_lines": [], "excluded_lines": []}, "GameMasterState.get_recent_inspection_pattern": {"executed_lines": [], "summary": {"covered_lines": 0, "num_statements": 9, "percent_covered": 0.0, "percent_covered_display": "0", "missing_lines": 9, "excluded_lines": 0}, "missing_lines": [169, 170, 172, 173, 175, 176, 177, 178, 180], "excluded_lines": []}, "get_game_master_state": {"executed_lines": [190, 192], "summary": {"covered_lines": 2, "num_statements": 3, "percent_covered": 66.66666666666667, "percent_covered_display": "67", "missing_lines": 1, "excluded_lines": 0}, "missing_lines": [191], "excluded_lines": []}, "reset_game_master_state": {"executed_lines": [198], "summary": {"covered_lines": 1, "num_statements": 1, "percent_covered": 100.0, "percent_covered_display": "100", "missing_lines": 0, "excluded_lines": 0}, "missing_lines": [], "excluded_lines": []}, "": {"executed_lines": [1, 16, 17, 18, 21, 22, 23, 24, 25, 28, 29, 30, 31, 32, 33, 34, 35, 36, 37, 38, 39, 40, 43, 44, 45, 51, 52, 54, 82, 108, 125, 162, 184, 187, 195], "summary": {"covered_lines": 31, "num_statements": 31, "percent_covered": 100.0, "percent_covered_display": "100", "missing_lines": 0, "excluded_lines": 0}, "missing_lines": [], "excluded_lines": []}}, "classes": {"MerchantTier": {"executed_lines": [], "summary": {"covered_lines": 0, "num_statements": 0, "percent_covered": 100.0, "percent_covered_display": "100", "missing_lines": 0, "excluded_lines": 0}, "missing_lines": [], "excluded_lines": []}, "InspectionEvent": {"executed_lines": [], "summary": {"covered_lines": 0, "num_statements": 0, "percent_covered": 100.0, "percent_covered_display": "100", "missing_lines": 0, "excluded_lines": 0}, "missing_lines": [], "excluded_lines": []}, "GameMasterState": {"executed_lines": [67, 79, 80, 92, 94, 95, 97, 100, 103, 106, 110, 132, 133, 140, 141, 142, 143, 144, 147, 148, 149, 151], "summary": {"covered_lines": 22, "num_statements": 31, "percent_covered": 70.96774193548387, "percent_covered_display": "71", "missing_lines": 9, "excluded_lines": 0}, "missing_lines": [169, 170, 172, 173, 175, 176, 177, 178, 180], "excluded_lines": []}, "": {"executed_lines": [1, 16, 17, 18, 21, 22, 23, 24, 25, 28, 29, 30, 31, 32, 33, 34, 35, 36, 37, 38, 39, 40, 43, 44, 45, 51, 52, 54, 82, 108, 125, 162, 184, 187, 190, 192, 195, 198], "summary": {"covered_lines": 34, "num_statements": 35, "percent_covered": 97.14285714285714, "percent_covered_display": "97", "missing_lines": 1, "excluded_lines": 0}, "missing_lines": [191], "excluded_lines": []}}}, "core/systems/game_stats.py": {"executed_lines": [1, 3, 6, 7, 8, 9, 10, 11, 12, 13, 16, 17, 20, 22, 29, 31, 33, 34, 35, 38, 41, 47, 48, 50, 52, 58, 59, 61, 63, 64, 65, 66], "summary": {"covered_lines": 30, "num_statements": 30, "percent_covered": 100.0, "percent_covered_display": "100", "missing_lines": 0, "excluded_lines": 0}, "missing_lines": [], "excluded_lines": [], "functions": {"GameStats.record_inspection": {"executed_lines": [29, 31, 33, 34, 35, 38], "summary": {"covered_lines": 6, "num_statements": 6, "percent_covered": 100.0, "percent_covered_display": "100", "missing_lines": 0, "excluded_lines": 0}, "missing_lines": [], "excluded_lines": []}, "GameStats.record_pass": {"executed_lines": [47, 48, 50], "summary": {"covered_lines": 3, "num_statements": 3, "percent_covered": 100.0, "percent_covered_display": "100", "missing_lines": 0, "excluded_lines": 0}, "missing_lines": [], "excluded_lines": []}, "GameStats.record_bribe": {"executed_lines": [58, 59], "summary": {"covered_lines": 2, "num_statements": 2, "percent_covered": 100.0, "percent_covered_display": "100", "missing_lines": 0, "excluded_lines": 0}, "missing_lines": [], "excluded_lines": []}, "GameStats.accuracy_percentage": {"executed_lines": [63, 64, 65, 66], "summary": {"covered_lines": 4, "num_statements": 4, "percent_covered": 100.0, "percent_covered_display": "100", "missing_lines": 0, "excluded_lines": 0}, "missing_lines": [], "excluded_lines": []}, "": {"executed_lines": [1, 3, 6, 7, 8, 9, 10, 11, 12, 13, 16, 17, 20, 22, 41, 52, 61], "summary": {"covered_lines": 15, "num_statements": 15, "percent_covered": 100.0, "percent_covered_display": "100", "missing_lines": 0, "excluded_lines": 0}, "missing_lines": [], "excluded_lines": []}}, "classes": {"GameStats": {"executed_lines": [29, 31, 33, 34, 35, 38, 47, 48, 50, 58, 59, 63, 64, 65, 66], "summary": {"covered_lines": 15, "num_statements": 15, "percent_covered": 100.0, "percent_covered_display": "100", "missing_lines": 0, "excluded_lines": 0}, "missing_lines": [], "excluded_lines": []}, "": {"executed_lines": [1, 3, 6, 7, 8, 9, 10, 11, 12, 13, 16, 17, 20, 22, 41, 52, 61], "summary": {"covered_lines": 15, "num_statements": 15, "percent_covered": 100.0, "percent_covered_display": "100", "missing_lines": 0, "excluded_lines": 0}, "missing_lines": [], "excluded_lines": []}}}, "core/systems/logger.py": {"executed_lines": [1, 6, 7, 8, 9, 12, 22, 25, 28, 31, 32, 35, 36, 37, 40, 44, 46, 52, 56, 59, 73, 78, 83], "summary": {"covered_lines": 22, "num_statements": 29, "percent_covered": 75.86206896551724, "percent_covered_display": "76", "missing_lines": 7, "excluded_lines": 0}, "missing_lines": [26, 67, 68, 70, 75, 80, 85], "excluded_lines": [], "functions": {"setup_logger": {"executed_lines": [22, 25, 28, 31, 32, 35, 36, 37, 40, 44, 46, 52], "summary": {"covered_lines": 12, "num_statements": 13, "percent_covered": 92.3076923076923, "percent_covered_display": "92", "missing_lines": 1, "excluded_lines": 0}, "missing_lines": [26], "excluded_lines": []}, "log_error": {"executed_lines": [], "summary": {"covered_lines": 0, "num_statements": 3, "percent_covered": 0.0, "percent_covered_display": "0", "missing_lines": 3, "excluded_lines": 0}, "missing_lines": [67, 68, 70], "excluded_lines": []}, "log_warning": {"executed_lines": [], "summary": {"covered_lines": 0, "num_statements": 1, "percent_covered": 0.0, "percent_covered_display": "0", "missing_lines": 1, "excluded_lines": 0}, "missing_lines": [75], "excluded_lines": []}, "log_info": {"executed_lines": [], "summary": {"covered_lines": 0, "num_statements": 1, "percent_covered": 0.0, "percent_covered_display": "0", "missing_lines": 1, "excluded_lines": 0}, "missing_lines": [80], "excluded_lines": []}, "log_debug": {"executed_lines": [], "summary": {"covered_lines": 0, "num_statements": 1, "percent_covered": 0.0, "percent_covered_display": "0", "missing_lines": 1, "excluded_lines": 0}, "missing_lines": [85], "excluded_lines": []}, "": {"executed_lines": [1, 6, 7, 8, 9, 12, 56, 59, 73, 78, 83], "summary": {"covered_lines": 10, "num_statements": 10, "percent_covered": 100.0, "percent_covered_display": "100", "missing_lines": 0, "excluded_lines": 0}, "missing_lines": [], "excluded_lines": []}}, "classes": {"": {"executed_lines": [1, 6, 7, 8, 9, 12, 22, 25, 28, 31, 32, 35, 36, 37, 40, 44, 46, 52, 56, 59, 73, 78, 83], "summary": {"covered_lines": 22, "num_statements": 29, "percent_covered": 75.86206896551724, "percent_covered_display": "76", "missing_lines": 7, "excluded_lines": 0}, "missing_lines": [26, 67, 68, 70, 75, 80, 85], "excluded_lines": []}}}, "core/systems/reputation.py": {"executed_lines": [1, 6, 7, 8, 11], "summary": {"covered_lines": 4, "num_statements": 25, "percent_covered": 16.0, "percent_covered_display": "16", "missing_lines": 21, "excluded_lines": 0}, "missing_lines": [30, 31, 32, 33, 34, 35, 36, 37, 38, 39, 40, 43, 44, 45, 47, 48, 52, 53, 56, 57, 59], "excluded_lines": [], "functions": {"update_sheriff_reputation": {"executed_lines": [], "summary": {"covered_lines": 0, "num_statements": 21, "percent_covered": 0.0, "percent_covered_display": "0", "missing_lines": 21, "excluded_lines": 0}, "missing_lines": [30, 31, 32, 33, 34, 35, 36, 37, 38, 39, 40, 43, 44, 45, 47, 48, 52, 53, 56, 57, 59], "excluded_lines": []}, "": {"executed_lines": [1, 6, 7, 8, 11], "summary": {"covered_lines": 4, "num_statements": 4, "percent_covered": 100.0, "percent_covered_display": "100", "missing_lines": 0, "excluded_lines": 0}, "missing_lines": [], "excluded_lines": []}}, "classes": {"": {"executed_lines": [1, 6, 7, 8, 11], "summary": {"covered_lines": 4, "num_statements": 25, "percent_covered": 16.0, "percent_covered_display": "16", "missing_lines": 21, "excluded_lines": 0}, "missing_lines": [30, 31, 32, 33, 34, 35, 36, 37, 38, 39, 40, 43, 44, 45, 47, 48, 52, 53, 56, 57, 59], "excluded_lines": []}}}, "main.py": {"executed_lines": [], "summary": {"covered_lines": 0, "num_statements": 63, "percent_covered": 0.0, "percent_covered_display": "0", "missing_lines": 63, "excluded_lines": 0}, "missing_lines": [22, 23, 25, 26, 27, 30, 36, 37, 38, 41, 44, 45, 47, 49, 50, 51, 52, 53, 55, 57, 58, 59, 60, 61, 64, 65, 68, 69, 72, 74, 75, 77, 78, 81, 82, 85, 88, 90, 91, 93, 95, 96, 98, 101, 104, 105, 106, 107, 108, 109, 110, 112, 114, 115, 116, 117, 118, 119, 121, 122, 123, 124, 125], "excluded_lines": [], "functions": {"pygame_print": {"executed_lines": [], "summary": {"covered_lines": 0, "num_statements": 5, "percent_covered": 0.0, "percent_covered_display": "0", "missing_lines": 5, "excluded_lines": 0}, "missing_lines": [49, 50, 51, 52, 53], "excluded_lines": []}, "pygame_input": {"executed_lines": [], "summary": {"covered_lines": 0, "num_statements": 5, "percent_covered": 0.0, "percent_covered_display": "0", "missing_lines": 5, "excluded_lines": 0}, "missing_lines": [57, 58, 59, 60, 61], "excluded_lines": []}, "": {"executed_lines": [], "summary": {"covered_lines": 0, "num_statements": 53, "percent_covered": 0.0, "percent_covered_display": "0", "missing_lines": 53, "excluded_lines": 0}, "missing_lines": [22, 23, 25, 26, 27, 30, 36, 37, 38, 41, 44, 45, 47, 55, 64, 65, 68, 69, 72, 74, 75, 77, 78, 81, 82, 85, 88, 90, 91, 93, 95, 96, 98, 101, 104, 105, 106, 107, 108, 109, 110, 112, 114, 115, 116, 117, 118, 119, 121, 122, 123, 124, 125], "excluded_lines": []}}, "classes": {"": {"executed_lines": [], "summary": {"covered_lines": 0, "num_statements": 63, "percent_covered": 0.0, "percent_covered_display": "0", "missing_lines": 63, "excluded_lines": 0}, "missing_lines": [22, 23, 25, 26, 27, 30, 36, 37, 38, 41, 44, 45, 47, 49, 50, 51, 52, 53, 55, 57, 58, 59, 60, 61, 64, 65, 68, 69, 72, 74, 75, 77, 78, 81, 82, 85, 88, 90, 91, 93, 95, 96, 98, 101, 104, 105, 106, 107, 108, 109, 110, 112, 114, 115, 116, 117, 118, 119, 121, 122, 123, 124, 125], "excluded_lines": []}}}, "setup.py": {"executed_lines": [], "summary": {"covered_lines": 0, "num_statements": 2, "percent_covered": 0.0, "percent_covered_display": "0", "missing_lines": 2, "excluded_lines": 0}, "missing_lines": [6, 8], "excluded_lines": [], "functions": {"": {"executed_lines": [], "summary": {"covered_lines": 0, "num_statements": 2, "percent_covered": 0.0, "percent_covered_display": "0", "missing_lines": 2, "excluded_lines": 0}, "missing_lines": [6, 8], "excluded_lines": []}}, "classes": {"": {"executed_lines": [], "summary": {"covered_lines": 0, "num_statements": 2, "percent_covered": 0.0, "percent_covered_display": "0", "missing_lines": 2, "excluded_lines": 0}, "missing_lines": [6, 8], "excluded_lines": []}}}, "tests/__init__.py": {"executed_lines": [1], "summary": {"covered_lines": 0, "num_statements": 0, "percent_covered": 100.0, "percent_covered_display": "100", "missing_lines": 0, "excluded_lines": 0}, "missing_lines": [], "excluded_lines": [], "functions": {"": {"executed_lines": [1], "summary": {"covered_lines": 0, "num_statements": 0, "percent_covered": 100.0, "percent_covered_display": "100", "missing_lines": 0, "excluded_lines": 0}, "missing_lines": [], "excluded_lines": []}}, "classes": {"": {"executed_lines": [1], "summary": {"covered_lines": 0, "num_statements": 0, "percent_covered": 100.0, "percent_covered_display": "100", "missing_lines": 0, "excluded_lines": 0}, "missing_lines": [], "excluded_lines": []}}}, "tests/conftest.py": {"executed_lines": [1, 6, 7, 8, 11, 12, 17, 20, 24, 26, 29], "summary": {"covered_lines": 10, "num_statements": 12, "percent_covered": 83.33333333333333, "percent_covered_display": "83", "missing_lines": 2, "excluded_lines": 0}, "missing_lines": [21, 30], "excluded_lines": [], "functions": {"pytest_configure": {"executed_lines": [29], "summary": {"covered_lines": 1, "num_statements": 2, "percent_covered": 50.0, "percent_covered_display": "50", "missing_lines": 1, "excluded_lines": 0}, "missing_lines": [30], "excluded_lines": []}, "": {"executed_lines": [1, 6, 7, 8, 11, 12, 17, 20, 24, 26], "summary": {"covered_lines": 9, "num_statements": 10, "percent_covered": 90.0, "percent_covered_display": "90", "missing_lines": 1, "excluded_lines": 0}, "missing_lines": [21], "excluded_lines": []}}, "classes": {"": {"executed_lines": [1, 6, 7, 8, 11, 12, 17, 20, 24, 26, 29], "summary": {"covered_lines": 10, "num_statements": 12, "percent_covered": 83.33333333333333, "percent_covered_display": "83", "missing_lines": 2, "excluded_lines": 0}, "missing_lines": [21, 30], "excluded_lines": []}}}, "tests/test_config.py": {"executed_lines": [], "summary": {"covered_lines": 0, "num_statements": 14, "percent_covered": 0.0, "percent_covered_display": "0", "missing_lines": 14, "excluded_lines": 0}, "missing_lines": [8, 9, 10, 13, 14, 17, 26, 27, 30, 32, 33, 36, 43, 44], "excluded_lines": [], "functions": {"setup_headless_mode": {"executed_lines": [], "summary": {"covered_lines": 0, "num_statements": 2, "percent_covered": 0.0, "percent_covered_display": "0", "missing_lines": 2, "excluded_lines": 0}, "missing_lines": [26, 27], "excluded_lines": []}, "teardown_headless_mode": {"executed_lines": [], "summary": {"covered_lines": 0, "num_statements": 2, "percent_covered": 0.0, "percent_covered_display": "0", "missing_lines": 2, "excluded_lines": 0}, "missing_lines": [32, 33], "excluded_lines": []}, "create_headless_window": {"executed_lines": [], "summary": {"covered_lines": 0, "num_statements": 2, "percent_covered": 0.0, "percent_covered_display": "0", "missing_lines": 2, "excluded_lines": 0}, "missing_lines": [43, 44], "excluded_lines": []}, "": {"executed_lines": [], "summary": {"covered_lines": 0, "num_statements": 8, "percent_covered": 0.0, "percent_covered_display": "0", "missing_lines": 8, "excluded_lines": 0}, "missing_lines": [8, 9, 10, 13, 14, 17, 30, 36], "excluded_lines": []}}, "classes": {"": {"executed_lines": [], "summary": {"covered_lines": 0, "num_statements": 14, "percent_covered": 0.0, "percent_covered_display": "0", "missing_lines": 14, "excluded_lines": 0}, "missing_lines": [8, 9, 10, 13, 14, 17, 26, 27, 30, 32, 33, 36, 43, 44], "excluded_lines": []}}}, "tests/test_helpers.py": {"executed_lines": [1, 8, 9, 10, 17, 18, 35, 69, 86, 121, 123, 138, 152, 154, 157, 171, 173, 174, 187, 206, 220, 222, 225, 228, 235, 271, 294, 306, 308, 309, 312, 313, 317, 318, 325, 344], "summary": {"covered_lines": 35, "num_statements": 75, "percent_covered": 46.666666666666664, "percent_covered_display": "47", "missing_lines": 40, "excluded_lines": 0}, "missing_lines": [28, 29, 30, 32, 51, 53, 54, 55, 56, 58, 59, 61, 62, 63, 64, 66, 79, 175, 176, 177, 179, 180, 181, 182, 184, 201, 203, 223, 226, 256, 284, 285, 287, 288, 290, 291, 339, 340, 341, 355], "excluded_lines": [], "functions": {"pygame_context": {"executed_lines": [], "summary": {"covered_lines": 0, "num_statements": 4, "percent_covered": 0.0, "percent_covered_display": "0", "missing_lines": 4, "excluded_lines": 0}, "missing_lines": [28, 29, 30, 32], "excluded_lines": []}, "create_mock_pygame_window": {"executed_lines": [], "summary": {"covered_lines": 0, "num_statements": 12, "percent_covered": 0.0, "percent_covered_display": "0", "missing_lines": 12, "excluded_lines": 0}, "missing_lines": [51, 53, 54, 55, 56, 58, 59, 61, 62, 63, 64, 66], "excluded_lines": []}, "create_pygame_font": {"executed_lines": [], "summary": {"covered_lines": 0, "num_statements": 1, "percent_covered": 0.0, "percent_covered_display": "0", "missing_lines": 1, "excluded_lines": 0}, "missing_lines": [79], "excluded_lines": []}, "create_test_merchant": {"executed_lines": [121, 123], "summary": {"covered_lines": 2, "num_statements": 2, "percent_covered": 100.0, "percent_covered_display": "100", "missing_lines": 0, "excluded_lines": 0}, "missing_lines": [], "excluded_lines": []}, "create_test_sheriff": {"executed_lines": [152, 154], "summary": {"covered_lines": 2, "num_statements": 2, "percent_covered": 100.0, "percent_covered_display": "100", "missing_lines": 0, "excluded_lines": 0}, "missing_lines": [], "excluded_lines": []}, "create_test_goods": {"executed_lines": [171, 173, 174], "summary": {"covered_lines": 3, "num_statements": 11, "percent_covered": 27.272727272727273, "percent_covered_display": "27", "missing_lines": 8, "excluded_lines": 0}, "missing_lines": [175, 176, 177, 179, 180, 181, 182, 184], "excluded_lines": []}, "create_test_declaration": {"executed_lines": [], "summary": {"covered_lines": 0, "num_statements": 2, "percent_covered": 0.0, "percent_covered_display": "0", "missing_lines": 2, "excluded_lines": 0}, "missing_lines": [201, 203], "excluded_lines": []}, "create_test_round_state": {"executed_lines": [220, 222, 225, 228], "summary": {"covered_lines": 4, "num_statements": 6, "percent_covered": 66.66666666666667, "percent_covered_display": "67", "missing_lines": 2, "excluded_lines": 0}, "missing_lines": [223, 226], "excluded_lines": []}, "create_mock_merchant_json": {"executed_lines": [], "summary": {"covered_lines": 0, "num_statements": 1, "percent_covered": 0.0, "percent_covered_display": "0", "missing_lines": 1, "excluded_lines": 0}, "missing_lines": [256], "excluded_lines": []}, "assert_merchant_properties": {"executed_lines": [], "summary": {"covered_lines": 0, "num_statements": 6, "percent_covered": 0.0, "percent_covered_display": "0", "missing_lines": 6, "excluded_lines": 0}, "missing_lines": [284, 285, 287, 288, 290, 291], "excluded_lines": []}, "assert_inspection_result": {"executed_lines": [306, 308, 309, 312, 313, 317, 318], "summary": {"covered_lines": 7, "num_statements": 7, "percent_covered": 100.0, "percent_covered_display": "100", "missing_lines": 0, "excluded_lines": 0}, "missing_lines": [], "excluded_lines": []}, "setup_pygame_test": {"executed_lines": [], "summary": {"covered_lines": 0, "num_statements": 3, "percent_covered": 0.0, "percent_covered_display": "0", "missing_lines": 3, "excluded_lines": 0}, "missing_lines": [339, 340, 341], "excluded_lines": []}, "teardown_pygame_test": {"executed_lines": [], "summary": {"covered_lines": 0, "num_sta
[...]
 139, 153, 154, 155, 157, 161, 164, 165, 168, 169, 171, 172, 176, 177, 179, 180, 181, 182, 183, 184, 186, 187, 189, 190, 191, 194, 199, 202, 203, 204, 207, 208, 209, 211, 212, 213, 216, 217, 218, 220, 225, 227, 230, 232, 234, 237, 238, 239, 242, 243, 244, 246], "summary": {"covered_lines": 112, "num_statements": 133, "percent_covered": 84.21052631578948, "percent_covered_display": "84", "missing_lines": 21, "excluded_lines": 0}, "missing_lines": [48, 49, 57, 58, 59, 118, 119, 123, 130, 131, 141, 142, 143, 144, 145, 146, 148, 149, 150, 173, 174], "excluded_lines": []}, "": {"executed_lines": [1, 6, 7, 8, 11, 19, 20, 22, 34, 83, 159, 196, 222], "summary": {"covered_lines": 11, "num_statements": 11, "percent_covered": 100.0, "percent_covered_display": "100", "missing_lines": 0, "excluded_lines": 0}, "missing_lines": [], "excluded_lines": []}}}, "ui/pygame_text.py": {"executed_lines": [1, 6, 7, 8, 9, 12, 19, 20, 22, 23, 26, 27, 30, 31, 33, 35, 36, 37, 39, 41, 42, 44, 45, 48, 49, 50, 53, 54, 56, 58, 60, 61, 62, 65, 66, 70, 73, 74, 75, 77, 78, 82, 87, 90, 91, 92, 94, 96, 100, 104, 105, 108, 109, 110, 112, 120, 121, 122, 123, 125, 126, 129, 140, 149, 156, 157, 160, 161, 163, 165, 175, 183, 186, 189, 190, 194, 195, 196, 198, 201, 202, 216, 217, 219, 222, 225, 226, 229, 230, 232, 234, 235, 236, 237, 238, 240, 243, 244, 247, 248, 249, 250, 255, 257, 261, 262, 265, 266, 267, 269, 270, 271, 272, 275, 276, 277, 278, 281, 282, 283, 284, 286, 288, 290, 291, 292], "summary": {"covered_lines": 124, "num_statements": 175, "percent_covered": 70.85714285714286, "percent_covered_display": "71", "missing_lines": 51, "excluded_lines": 0}, "missing_lines": [67, 80, 84, 113, 114, 115, 116, 118, 130, 131, 132, 133, 134, 135, 137, 138, 142, 143, 145, 146, 147, 151, 152, 153, 166, 167, 168, 169, 170, 171, 172, 173, 177, 179, 180, 181, 191, 204, 205, 206, 207, 208, 209, 210, 211, 212, 213, 220, 227, 251, 252], "excluded_lines": [], "functions": {"PygameText.__init__": {"executed_lines": [23, 26, 27, 30, 31], "summary": {"covered_lines": 5, "num_statements": 5, "percent_covered": 100.0, "percent_covered_display": "100", "missing_lines": 0, "excluded_lines": 0}, "missing_lines": [], "excluded_lines": []}, "PygameText.wrap_text": {"executed_lines": [35, 36, 37, 39, 41, 42, 44, 45, 48, 49, 50, 53, 54, 56], "summary": {"covered_lines": 14, "num_statements": 14, "percent_covered": 100.0, "percent_covered_display": "100", "missing_lines": 0, "excluded_lines": 0}, "missing_lines": [], "excluded_lines": []}, "PygameText.display_text": {"executed_lines": [60, 61, 62, 65, 66, 70, 73, 74, 75, 77, 78, 82, 87, 90, 91, 92, 94], "summary": {"covered_lines": 17, "num_statements": 20, "percent_covered": 85.0, "percent_covered_display": "85", "missing_lines": 3, "excluded_lines": 0}, "missing_lines": [67, 80, 84], "excluded_lines": []}, "PygameText._display_text_animated": {"executed_lines": [100, 104, 105, 108, 109, 110, 112, 120, 121, 122, 123, 125, 126, 129, 140, 149, 156, 157, 160, 161, 163, 165, 175, 183, 186, 189, 190, 194, 195, 196, 198, 201, 202, 216, 217, 219, 222, 225, 226, 229, 230], "summary": {"covered_lines": 41, "num_statements": 87, "percent_covered": 47.12643678160919, "percent_covered_display": "47", "missing_lines": 46, "excluded_lines": 0}, "missing_lines": [113, 114, 115, 116, 118, 130, 131, 132, 133, 134, 135, 137, 138, 142, 143, 145, 146, 147, 151, 152, 153, 166, 167, 168, 169, 170, 171, 172, 173, 177, 179, 180, 181, 191, 204, 205, 206, 207, 208, 209, 210, 211, 212, 213, 220, 227], "excluded_lines": []}, "PygameText._handle_scroll": {"executed_lines": [234, 235, 236, 237, 238], "summary": {"covered_lines": 5, "num_statements": 5, "percent_covered": 100.0, "percent_covered_display": "100", "missing_lines": 0, "excluded_lines": 0}, "missing_lines": [], "excluded_lines": []}, "PygameText.render": {"executed_lines": [243, 244, 247, 248, 249, 250, 255, 257, 261, 262, 265, 266, 267, 269, 270, 271, 272, 275, 276, 277, 278, 281, 282, 283, 284, 286], "summary": {"covered_lines": 26, "num_statements": 28, "percent_covered": 92.85714285714286, "percent_covered_display": "93", "missing_lines": 2, "excluded_lines": 0}, "missing_lines": [251, 252], "excluded_lines": []}, "PygameText.clear_text": {"executed_lines": [290, 291, 292], "summary": {"covered_lines": 3, "num_statements": 3, "percent_covered": 100.0, "percent_covered_display": "100", "missing_lines": 0, "excluded_lines": 0}, "missing_lines": [], "excluded_lines": []}, "": {"executed_lines": [1, 6, 7, 8, 9, 12, 19, 20, 22, 33, 58, 96, 232, 240, 288], "summary": {"covered_lines": 13, "num_statements": 13, "percent_covered": 100.0, "percent_covered_display": "100", "missing_lines": 0, "excluded_lines": 0}, "missing_lines": [], "excluded_lines": []}}, "classes": {"PygameText": {"executed_lines": [23, 26, 27, 30, 31, 35, 36, 37, 39, 41, 42, 44, 45, 48, 49, 50, 53, 54, 56, 60, 61, 62, 65, 66, 70, 73, 74, 75, 77, 78, 82, 87, 90, 91, 92, 94, 100, 104, 105, 108, 109, 110, 112, 120, 121, 122, 123, 125, 126, 129, 140, 149, 156, 157, 160, 161, 163, 165, 175, 183, 186, 189, 190, 194, 195, 196, 198, 201, 202, 216, 217, 219, 222, 225, 226, 229, 230, 234, 235, 236, 237, 238, 243, 244, 247, 248, 249, 250, 255, 257, 261, 262, 265, 266, 267, 269, 270, 271, 272, 275, 276, 277, 278, 281, 282, 283, 284, 286, 290, 291, 292], "summary": {"covered_lines": 111, "num_statements": 162, "percent_covered": 68.51851851851852, "percent_covered_display": "69", "missing_lines": 51, "excluded_lines": 0}, "missing_lines": [67, 80, 84, 113, 114, 115, 116, 118, 130, 131, 132, 133, 134, 135, 137, 138, 142, 143, 145, 146, 147, 151, 152, 153, 166, 167, 168, 169, 170, 171, 172, 173, 177, 179, 180, 181, 191, 204, 205, 206, 207, 208, 209, 210, 211, 212, 213, 220, 227, 251, 252], "excluded_lines": []}, "": {"executed_lines": [1, 6, 7, 8, 9, 12, 19, 20, 22, 33, 58, 96, 232, 240, 288], "summary": {"covered_lines": 13, "num_statements": 13, "percent_covered": 100.0, "percent_covered_display": "100", "missing_lines": 0, "excluded_lines": 0}, "missing_lines": [], "excluded_lines": []}}}, "ui/pygame_ui.py": {"executed_lines": [1, 6, 7, 8, 9, 10, 11, 14, 15, 17, 19, 20, 21, 22, 23, 26, 27, 28, 29, 30, 33, 35, 37, 39, 41, 43, 45, 47, 50, 52, 54, 56, 58, 60, 62, 64, 65, 66, 69, 71, 73, 75, 77, 79, 82, 84, 86, 88, 90, 92, 96, 99, 102, 103, 104, 107, 110, 111, 112], "summary": {"covered_lines": 57, "num_statements": 57, "percent_covered": 100.0, "percent_covered_display": "100", "missing_lines": 0, "excluded_lines": 0}, "missing_lines": [], "excluded_lines": [], "functions": {"VisualNovelUI.__init__": {"executed_lines": [19, 20, 21, 22, 23, 26, 27, 28, 29, 30], "summary": {"covered_lines": 10, "num_statements": 10, "percent_covered": 100.0, "percent_covered_display": "100", "missing_lines": 0, "excluded_lines": 0}, "missing_lines": [], "excluded_lines": []}, "VisualNovelUI.load_portrait_file": {"executed_lines": [35], "summary": {"covered_lines": 1, "num_statements": 1, "percent_covered": 100.0, "percent_covered_display": "100", "missing_lines": 0, "excluded_lines": 0}, "missing_lines": [], "excluded_lines": []}, "VisualNovelUI.load_portrait": {"executed_lines": [39], "summary": {"covered_lines": 1, "num_statements": 1, "percent_covered": 100.0, "percent_covered_display": "100", "missing_lines": 0, "excluded_lines": 0}, "missing_lines": [], "excluded_lines": []}, "VisualNovelUI.clear_portrait": {"executed_lines": [43], "summary": {"covered_lines": 1, "num_statements": 1, "percent_covered": 100.0, "percent_covered_display": "100", "missing_lines": 0, "excluded_lines": 0}, "missing_lines": [], "excluded_lines": []}, "VisualNovelUI.show_title_screen": {"executed_lines": [47], "summary": {"covered_lines": 1, "num_statements": 1, "percent_covered": 100.0, "percent_covered_display": "100", "missing_lines": 0, "excluded_lines": 0}, "missing_lines": [], "excluded_lines": []}, "VisualNovelUI.display_text": {"executed_lines": [52], "summary": {"covered_lines": 1, "num_statements": 1, "percent_covered": 100.0, "percent_covered_display": "100", "missing_lines": 0, "excluded_lines": 0}, "missing_lines": [], "excluded_lines": []}, "VisualNovelUI.clear_text": {"executed_lines": [56], "summary": {"covered_lines": 1, "num_statements": 1, "percent_covered": 100.0, "percent_covered_display": "100", "missing_lines": 0, "excluded_lines": 0}, "missing_lines": [], "excluded_lines": []}, "VisualNovelUI.update_stats": {"executed_lines": [60], "summary": {"covered_lines": 1, "num_statements": 1, "percent_covered": 100.0, "percent_covered_display": "100", "missing_lines": 0, "excluded_lines": 0}, "missing_lines": [], "excluded_lines": []}, "VisualNovelUI.render": {"executed_lines": [64, 65, 66], "summary": {"covered_lines": 3, "num_statements": 3, "percent_covered": 100.0, "percent_covered_display": "100", "missing_lines": 0, "excluded_lines": 0}, "missing_lines": [], "excluded_lines": []}, "VisualNovelUI.get_input": {"executed_lines": [71], "summary": {"covered_lines": 1, "num_statements": 1, "percent_covered": 100.0, "percent_covered_display": "100", "missing_lines": 0, "excluded_lines": 0}, "missing_lines": [], "excluded_lines": []}, "VisualNovelUI.show_choices": {"executed_lines": [75], "summary": {"covered_lines": 1, "num_statements": 1, "percent_covered": 100.0, "percent_covered_display": "100", "missing_lines": 0, "excluded_lines": 0}, "missing_lines": [], "excluded_lines": []}, "VisualNovelUI.wait_for_continue": {"executed_lines": [79], "summary": {"covered_lines": 1, "num_statements": 1, "percent_covered": 100.0, "percent_covered_display": "100", "missing_lines": 0, "excluded_lines": 0}, "missing_lines": [], "excluded_lines": []}, "VisualNovelUI.handle_events": {"executed_lines": [84], "summary": {"covered_lines": 1, "num_statements": 1, "percent_covered": 100.0, "percent_covered_display": "100", "missing_lines": 0, "excluded_lines": 0}, "missing_lines": [], "excluded_lines": []}, "VisualNovelUI.handle_click": {"executed_lines": [88], "summary": {"covered_lines": 1, "num_statements": 1, "percent_covered": 100.0, "percent_covered_display": "100", "missing_lines": 0, "excluded_lines": 0}, "missing_lines": [], "excluded_lines": []}, "VisualNovelUI.close": {"executed_lines": [92], "summary": {"covered_lines": 1, "num_statements": 1, "percent_covered": 100.0, "percent_covered_display": "100", "missing_lines": 0, "excluded_lines": 0}, "missing_lines": [], "excluded_lines": []}, "get_ui": {"executed_lines": [102, 103, 104], "summary": {"covered_lines": 3, "num_statements": 3, "percent_covered": 100.0, "percent_covered_display": "100", "missing_lines": 0, "excluded_lines": 0}, "missing_lines": [], "excluded_lines": []}, "close_ui": {"executed_lines": [110, 111, 112], "summary": {"covered_lines": 3, "num_statements": 3, "percent_covered": 100.0, "percent_covered_display": "100", "missing_lines": 0, "excluded_lines": 0}, "missing_lines": [], "excluded_lines": []}, "": {"executed_lines": [1, 6, 7, 8, 9, 10, 11, 14, 15, 17, 33, 37, 41, 45, 50, 54, 58, 62, 69, 73, 77, 82, 86, 90, 96, 99, 107], "summary": {"covered_lines": 25, "num_statements": 25, "percent_covered": 100.0, "percent_covered_display": "100", "missing_lines": 0, "excluded_lines": 0}, "missing_lines": [], "excluded_lines": []}}, "classes": {"VisualNovelUI": {"executed_lines": [19, 20, 21, 22, 23, 26, 27, 28, 29, 30, 35, 39, 43, 47, 52, 56, 60, 64, 65, 66, 71, 75, 79, 84, 88, 92], "summary": {"covered_lines": 26, "num_statements": 26, "percent_covered": 100.0, "percent_covered_display": "100", "missing_lines": 0, "excluded_lines": 0}, "missing_lines": [], "excluded_lines": []}, "": {"executed_lines": [1, 6, 7, 8, 9, 10, 11, 14, 15, 17, 33, 37, 41, 45, 50, 54, 58, 62, 69, 73, 77, 82, 86, 90, 96, 99, 102, 103, 104, 107, 110, 111, 112], "summary": {"covered_lines": 31, "num_statements": 31, "percent_covered": 100.0, "percent_covered_display": "100", "missing_lines": 0, "excluded_lines": 0}, "missing_lines": [], "excluded_lines": []}}}, "ui/pygame_window.py": {"executed_lines": [1, 6, 7, 8, 9, 11, 28, 29, 31, 32, 33, 34, 37, 38, 39, 42, 43, 44, 47, 50, 53, 54, 56, 58, 60, 62, 64, 66, 67, 68, 69, 70, 71, 72, 73, 75, 78, 91, 92, 94, 95, 96, 97, 99, 101, 102, 105, 107, 109, 110, 112, 114, 115, 117, 119, 121, 122, 123, 124, 125, 127, 130, 133, 134, 135, 138, 139, 140, 142, 146, 147, 150, 158, 159, 164, 167, 169, 170, 171, 172, 175, 178, 179, 180, 182, 183, 185, 187, 189, 191, 194, 195, 198, 201, 204, 208, 210, 212, 213, 215, 217, 219, 221, 222, 223, 224, 226, 228, 229, 231], "summary": {"covered_lines": 108, "num_statements": 113, "percent_covered": 95.57522123893806, "percent_covered_display": "96", "missing_lines": 5, "excluded_lines": 0}, "missing_lines": [153, 154, 160, 161, 232], "excluded_lines": [], "functions": {"PygameWindow.__init__": {"executed_lines": [32, 33, 34, 37, 38, 39, 42, 43, 44, 47, 50, 53, 54], "summary": {"covered_lines": 13, "num_statements": 13, "percent_covered": 100.0, "percent_covered_display": "100", "missing_lines": 0, "excluded_lines": 0}, "missing_lines": [], "excluded_lines": []}, "PygameWindow.load_portrait_file": {"executed_lines": [58, 60, 62, 64, 66, 67, 68, 69, 70, 71, 72, 73], "summary": {"covered_lines": 12, "num_statements": 12, "percent_covered": 100.0, "percent_covered_display": "100", "missing_lines": 0, "excluded_lines": 0}, "missing_lines": [], "excluded_lines": []}, "PygameWindow.load_portrait": {"executed_lines": [78, 91, 92, 94, 95, 96, 97, 99, 101, 102, 105], "summary": {"covered_lines": 11, "num_statements": 11, "percent_covered": 100.0, "percent_covered_display": "100", "missing_lines": 0, "excluded_lines": 0}, "missing_lines": [], "excluded_lines": []}, "PygameWindow.clear_portrait": {"executed_lines": [109, 110], "summary": {"covered_lines": 2, "num_statements": 2, "percent_covered": 100.0, "percent_covered_display": "100", "missing_lines": 0, "excluded_lines": 0}, "missing_lines": [], "excluded_lines": []}, "PygameWindow._load_marketplace_background": {"executed_lines": [114, 115, 117, 119, 121, 122, 123, 124, 125], "summary": {"covered_lines": 9, "num_statements": 9, "percent_covered": 100.0, "percent_covered_display": "100", "missing_lines": 0, "excluded_lines": 0}, "missing_lines": [], "excluded_lines": []}, "PygameWindow.show_title_screen": {"executed_lines": [130, 133, 134, 135, 138, 139, 140, 142, 146, 147, 150, 158, 159, 164, 167, 169, 170, 171, 172, 175, 178, 179, 180, 182, 183, 185], "summary": {"covered_lines": 26, "num_statements": 30, "percent_covered": 86.66666666666667, "percent_covered_display": "87", "missing_lines": 4, "excluded_lines": 0}, "missing_lines": [153, 154, 160, 161], "excluded_lines": []}, "PygameWindow.render_portrait": {"executed_lines": [189, 191, 194, 195, 198, 201, 204], "summary": {"covered_lines": 7, "num_statements": 7, "percent_covered": 100.0, "percent_covered_display": "100", "missing_lines": 0, "excluded_lines": 0}, "missing_lines": [], "excluded_lines": []}, "PygameWindow.clear_screen": {"executed_lines": [210, 212, 213], "summary": {"covered_lines": 3, "num_statements": 3, "percent_covered": 100.0, "percent_covered_display": "100", "missing_lines": 0, "excluded_lines": 0}, "missing_lines": [], "excluded_lines": []}, "PygameWindow.update_display": {"executed_lines": [217], "summary": {"covered_lines": 1, "num_statements": 1, "percent_covered": 100.0, "percent_covered_display": "100", "missing_lines": 0, "excluded_lines": 0}, "missing_lines": [], "excluded_lines": []}, "PygameWindow.handle_events": {"executed_lines": [221, 222, 223, 224], "summary": {"covered_lines": 4, "num_statements": 4, "percent_covered": 100.0, "percent_covered_display": "100", "missing_lines": 0, "excluded_lines": 0}, "missing_lines": [], "excluded_lines": []}, "PygameWindow.close": {"executed_lines": [228, 229, 231], "summary": {"covered_lines": 3, "num_statements": 4, "percent_covered": 75.0, "percent_covered_display": "75", "missing_lines": 1, "excluded_lines": 0}, "missing_lines": [232], "excluded_lines": []}, "": {"executed_lines": [1, 6, 7, 8, 9, 11, 28, 29, 31, 56, 75, 107, 112, 127, 187, 208, 215, 219, 226], "summary": {"covered_lines": 17, "num_statements": 17, "percent_covered": 100.0, "percent_covered_display": "100", "missing_lines": 0, "excluded_lines": 0}, "missing_lines": [], "excluded_lines": []}}, "classes": {"PygameWindow": {"executed_lines": [32, 33, 34, 37, 38, 39, 42, 43, 44, 47, 50, 53, 54, 58, 60, 62, 64, 66, 67, 68, 69, 70, 71, 72, 73, 78, 91, 92, 94, 95, 96, 97, 99, 101, 102, 105, 109, 110, 114, 115, 117, 119, 121, 122, 123, 124, 125, 130, 133, 134, 135, 138, 139, 140, 142, 146, 147, 150, 158, 159, 164, 167, 169, 170, 171, 172, 175, 178, 179, 180, 182, 183, 185, 189, 191, 194, 195, 198, 201, 204, 210, 212, 213, 217, 221, 222, 223, 224, 228, 229, 231], "summary": {"covered_lines": 91, "num_statements": 96, "percent_covered": 94.79166666666667, "percent_covered_display": "95", "missing_lines": 5, "excluded_lines": 0}, "missing_lines": [153, 154, 160, 161, 232], "excluded_lines": []}, "": {"executed_lines": [1, 6, 7, 8, 9, 11, 28, 29, 31, 56, 75, 107, 112, 127, 187, 208, 215, 219, 226], "summary": {"covered_lines": 17, "num_statements": 17, "percent_covered": 100.0, "percent_covered_display": "100", "missing_lines": 0, "excluded_lines": 0}, "missing_lines": [], "excluded_lines": []}}}, "ui/stats_bar.py": {"executed_lines": [1, 5, 6, 8, 17, 18, 20, 21, 22, 23, 26, 27, 28, 29, 31, 41, 42, 43, 44, 46, 48, 49, 52, 53, 54, 58, 59, 62, 63, 64, 65, 68, 69, 70, 71, 72, 75, 76, 77, 80, 81, 82, 85, 87, 88, 89, 92, 93, 94, 96, 98, 99], "summary": {"covered_lines": 50, "num_statements": 50, "percent_covered": 100.0, "percent_covered_display": "100", "missing_lines": 0, "excluded_lines": 0}, "missing_lines": [], "excluded_lines": [], "functions": {"StatsBar.__init__": {"executed_lines": [21, 22, 23, 26, 27, 28, 29], "summary": {"covered_lines": 7, "num_statements": 7, "percent_covered": 100.0, "percent_covered_display": "100", "missing_lines": 0, "excluded_lines": 0}, "missing_lines": [], "excluded_lines": []}, "StatsBar.update": {"executed_lines": [41, 42, 43, 44], "summary": {"covered_lines": 4, "num_statements": 4, "percent_covered": 100.0, "percent_covered_display": "100", "missing_lines": 0, "excluded_lines": 0}, "missing_lines": [], "excluded_lines": []}, "StatsBar.render": {"executed_lines": [48, 49, 52, 53, 54, 58, 59, 62, 63, 64, 65, 68, 69, 70, 71, 72, 75, 76, 77, 80, 81, 82, 85, 87, 88, 89, 92, 93, 94], "summary": {"covered_lines": 29, "num_statements": 29, "percent_covered": 100.0, "percent_covered_display": "100", "missing_lines": 0, "excluded_lines": 0}, "missing_lines": [], "excluded_lines": []}, "StatsBar._render_stat": {"executed_lines": [98, 99], "summary": {"covered_lines": 2, "num_statements": 2, "percent_covered": 100.0, "percent_covered_display": "100", "missing_lines": 0, "excluded_lines": 0}, "missing_lines": [], "excluded_lines": []}, "": {"executed_lines": [1, 5, 6, 8, 17, 18, 20, 31, 46, 96], "summary": {"covered_lines": 8, "num_statements": 8, "percent_covered": 100.0, "percent_covered_display": "100", "missing_lines": 0, "excluded_lines": 0}, "missing_lines": [], "excluded_lines": []}}, "classes": {"StatsBar": {"executed_lines": [21, 22, 23, 26, 27, 28, 29, 41, 42, 43, 44, 48, 49, 52, 53, 54, 58, 59, 62, 63, 64, 65, 68, 69, 70, 71, 72, 75, 76, 77, 80, 81, 82, 85, 87, 88, 89, 92, 93, 94, 98, 99], "summary": {"covered_lines": 42, "num_statements": 42, "percent_covered": 100.0, "percent_covered_display": "100", "missing_lines": 0, "excluded_lines": 0}, "missing_lines": [], "excluded_lines": []}, "": {"executed_lines": [1, 5, 6, 8, 17, 18, 20, 31, 46, 96], "summary": {"covered_lines": 8, "num_statements": 8, "percent_covered": 100.0, "percent_covered_display": "100", "missing_lines": 0, "excluded_lines": 0}, "missing_lines": [], "excluded_lines": []}}}}, "totals": {"covered_lines": 6279, "num_statements": 7457, "percent_covered": 84.20276250502883, "percent_covered_display": "84", "missing_lines": 1178, "excluded_lines": 0}}